# JRE version: Java(TM) SE Runtime Environment (8.0_141-b15) (build 1.8.0_141-b15)
# Java VM: Java HotSpot(TM) 64-Bit Server VM (25.141-b15 mixed mode linux-amd64 compressed oops)
Heap:
 PSYoungGen      total 175616K, used 93858K [0x00000000eb700000, 0x00000000f6c00000, 0x0000000100000000)
  eden space 167424K, 53% used [0x00000000eb700000,0x00000000f0dc63c8,0x00000000f5a80000)
  from space 8192K, 61% used [0x00000000f6200000,0x00000000f66e27b8,0x00000000f6a00000)
  to   space 7680K, 0% used [0x00000000f5a80000,0x00000000f5a80000,0x00000000f6200000)
 ParOldGen       total 36864K, used 19706K [0x00000000c2400000, 0x00000000c4800000, 0x00000000eb700000)
  object space 36864K, 53% used [0x00000000c2400000,0x00000000c373e830,0x00000000c4800000)
 Metaspace       used 27605K, capacity 28226K, committed 28416K, reserved 1075200K
  class space    used 2973K, capacity 3262K, committed 3328K, reserved 1048576K
GC Heap History (10 events):
Event: 7,300 GC heap before
{Heap before GC invocations=7 (full 1):
 PSYoungGen      total 66048K, used 66034K [0x00000000eb700000, 0x00000000f1280000, 0x0000000100000000)
  eden space 63488K, 100% used [0x00000000eb700000,0x00000000ef500000,0x00000000ef500000)
  from space 2560K, 99% used [0x00000000ef500000,0x00000000ef77cb30,0x00000000ef780000)
  to   space 9216K, 0% used [0x00000000f0980000,0x00000000f0980000,0x00000000f1280000)
 ParOldGen       total 36864K, used 13682K [0x00000000c2400000, 0x00000000c4800000, 0x00000000eb700000)
  object space 36864K, 37% used [0x00000000c2400000,0x00000000c315c900,0x00000000c4800000)
 Metaspace       used 27086K, capacity 27706K, committed 28160K, reserved 1075200K
  class space    used 2935K, capacity 3240K, committed 3328K, reserved 1048576K
Event: 7,341 GC heap after
Heap after GC invocations=7 (full 1):
 PSYoungGen      total 84480K, used 3742K [0x00000000eb700000, 0x00000000f2c80000, 0x0000000100000000)
  eden space 75264K, 0% used [0x00000000eb700000,0x00000000eb700000,0x00000000f0080000)
  from space 9216K, 40% used [0x00000000f0980000,0x00000000f0d27978,0x00000000f1280000)
  to   space 9216K, 0% used [0x00000000f0080000,0x00000000f0080000,0x00000000f0980000)
 ParOldGen       total 36864K, used 13690K [0x00000000c2400000, 0x00000000c4800000, 0x00000000eb700000)
  object space 36864K, 37% used [0x00000000c2400000,0x00000000c315e900,0x00000000c4800000)
 Metaspace       used 27086K, capacity 27706K, committed 28160K, reserved 1075200K
  class space    used 2935K, capacity 3240K, committed 3328K, reserved 1048576K
}
Event: 7,989 GC heap before
{Heap before GC invocations=8 (full 1):
 PSYoungGen      total 84480K, used 79006K [0x00000000eb700000, 0x00000000f2c80000, 0x0000000100000000)
  eden space 75264K, 100% used [0x00000000eb700000,0x00000000f0080000,0x00000000f0080000)
  from space 9216K, 40% used [0x00000000f0980000,0x00000000f0d27978,0x00000000f1280000)
  to   space 9216K, 0% used [0x00000000f0080000,0x00000000f0080000,0x00000000f0980000)
 ParOldGen       total 36864K, used 13690K [0x00000000c2400000, 0x00000000c4800000, 0x00000000eb700000)
  object space 36864K, 37% used [0x00000000c2400000,0x00000000c315e900,0x00000000c4800000)
 Metaspace       used 27095K, capacity 27706K, committed 28160K, reserved 1075200K
  class space    used 2936K, capacity 3240K, committed 3328K, reserved 1048576K
Event: 8,010 GC heap after
Heap after GC invocations=8 (full 1):
 PSYoungGen      total 84480K, used 5101K [0x00000000eb700000, 0x00000000f3d00000, 0x0000000100000000)
  eden space 75264K, 0% used [0x00000000eb700000,0x00000000eb700000,0x00000000f0080000)
  from space 9216K, 55% used [0x00000000f0080000,0x00000000f057b460,0x00000000f0980000)
  to   space 8704K, 0% used [0x00000000f3480000,0x00000000f3480000,0x00000000f3d00000)
 ParOldGen       total 36864K, used 13698K [0x00000000c2400000, 0x00000000c4800000, 0x00000000eb700000)
  object space 36864K, 37% used [0x00000000c2400000,0x00000000c3160900,0x00000000c4800000)
 Metaspace       used 27095K, capacity 27706K, committed 28160K, reserved 1075200K
  class space    used 2936K, capacity 3240K, committed 3328K, reserved 1048576K
}
Event: 8,399 GC heap before
{Heap before GC invocations=9 (full 1):
 PSYoungGen      total 84480K, used 80365K [0x00000000eb700000, 0x00000000f3d00000, 0x0000000100000000)
  eden space 75264K, 100% used [0x00000000eb700000,0x00000000f0080000,0x00000000f0080000)
  from space 9216K, 55% used [0x00000000f0080000,0x00000000f057b460,0x00000000f0980000)
  to   space 8704K, 0% used [0x00000000f3480000,0x00000000f3480000,0x00000000f3d00000)
 ParOldGen       total 36864K, used 13698K [0x00000000c2400000, 0x00000000c4800000, 0x00000000eb700000)
  object space 36864K, 37% used [0x00000000c2400000,0x00000000c3160900,0x00000000c4800000)
 Metaspace       used 27101K, capacity 27770K, committed 28160K, reserved 1075200K
  class space    used 2936K, capacity 3240K, committed 3328K, reserved 1048576K
Event: 8,431 GC heap after
Heap after GC invocations=9 (full 1):
 PSYoungGen      total 129024K, used 5408K [0x00000000eb700000, 0x00000000f4000000, 0x0000000100000000)
  eden space 120320K, 0% used [0x00000000eb700000,0x00000000eb700000,0x00000000f2c80000)
  from space 8704K, 62% used [0x00000000f3480000,0x00000000f39c83b8,0x00000000f3d00000)
  to   space 8192K, 0% used [0x00000000f2c80000,0x00000000f2c80000,0x00000000f3480000)
 ParOldGen       total 36864K, used 14866K [0x00000000c2400000, 0x00000000c4800000, 0x00000000eb700000)
  object space 36864K, 40% used [0x00000000c2400000,0x00000000c3284800,0x00000000c4800000)
 Metaspace       used 27101K, capacity 27770K, committed 28160K, reserved 1075200K
  class space    used 2936K, capacity 3240K, committed 3328K, reserved 1048576K
}
Event: 8,887 GC heap before
{Heap before GC invocations=10 (full 1):
 PSYoungGen      total 129024K, used 125728K [0x00000000eb700000, 0x00000000f4000000, 0x0000000100000000)
  eden space 120320K, 100% used [0x00000000eb700000,0x00000000f2c80000,0x00000000f2c80000)
  from space 8704K, 62% used [0x00000000f3480000,0x00000000f39c83b8,0x00000000f3d00000)
  to   space 8192K, 0% used [0x00000000f2c80000,0x00000000f2c80000,0x00000000f3480000)
 ParOldGen       total 36864K, used 14866K [0x00000000c2400000, 0x00000000c4800000, 0x00000000eb700000)
  object space 36864K, 40% used [0x00000000c2400000,0x00000000c3284800,0x00000000c4800000)
 Metaspace       used 27119K, capacity 27770K, committed 28160K, reserved 1075200K
  class space    used 2936K, capacity 3240K, committed 3328K, reserved 1048576K
Event: 8,910 GC heap after
Heap after GC invocations=10 (full 1):
 PSYoungGen      total 128512K, used 5105K [0x00000000eb700000, 0x00000000f6a00000, 0x0000000100000000)
  eden space 120320K, 0% used [0x00000000eb700000,0x00000000eb700000,0x00000000f2c80000)
  from space 8192K, 62% used [0x00000000f2c80000,0x00000000f317c538,0x00000000f3480000)
  to   space 8192K, 0% used [0x00000000f6200000,0x00000000f6200000,0x00000000f6a00000)
 ParOldGen       total 36864K, used 17378K [0x00000000c2400000, 0x00000000c4800000, 0x00000000eb700000)
  object space 36864K, 47% used [0x00000000c2400000,0x00000000c34f8830,0x00000000c4800000)
 Metaspace       used 27119K, capacity 27770K, committed 28160K, reserved 1075200K
  class space    used 2936K, capacity 3240K, committed 3328K, reserved 1048576K
}
Event: 9,206 GC heap before
{Heap before GC invocations=11 (full 1):
 PSYoungGen      total 128512K, used 125425K [0x00000000eb700000, 0x00000000f6a00000, 0x0000000100000000)
  eden space 120320K, 100% used [0x00000000eb700000,0x00000000f2c80000,0x00000000f2c80000)
  from space 8192K, 62% used [0x00000000f2c80000,0x00000000f317c538,0x00000000f3480000)
  to   space 8192K, 0% used [0x00000000f6200000,0x00000000f6200000,0x00000000f6a00000)
 ParOldGen       total 36864K, used 17378K [0x00000000c2400000, 0x00000000c4800000, 0x00000000eb700000)
  object space 36864K, 47% used [0x00000000c2400000,0x00000000c34f8830,0x00000000c4800000)
 Metaspace       used 27123K, capacity 27770K, committed 28160K, reserved 1075200K
  class space    used 2936K, capacity 3240K, committed 3328K, reserved 1048576K
Event: 9,234 GC heap after
Heap after GC invocations=11 (full 1):
 PSYoungGen      total 175616K, used 5001K [0x00000000eb700000, 0x00000000f6c00000, 0x0000000100000000)
  eden space 167424K, 0% used [0x00000000eb700000,0x00000000eb700000,0x00000000f5a80000)
  from space 8192K, 61% used [0x00000000f6200000,0x00000000f66e27b8,0x00000000f6a00000)
  to   space 7680K, 0% used [0x00000000f5a80000,0x00000000f5a80000,0x00000000f6200000)
 ParOldGen       total 36864K, used 19706K [0x00000000c2400000, 0x00000000c4800000, 0x00000000eb700000)
  object space 36864K, 53% used [0x00000000c2400000,0x00000000c373e830,0x00000000c4800000)
 Metaspace       used 27123K, capacity 27770K, committed 28160K, reserved 1075200K
  class space    used 2936K, capacity 3240K, committed 3328K, reserved 1048576K
}

