# JRE version: Java(TM) SE Runtime Environment (8.0_141-b15) (build 1.8.0_141-b15)
# Java VM: Java HotSpot(TM) 64-Bit Server VM (25.141-b15 mixed mode linux-amd64 compressed oops)
Heap:
 PSYoungGen      total 181248K, used 118176K [0x00000000eb700000, 0x00000000f7500000, 0x0000000100000000)
  eden space 167936K, 70% used [0x00000000eb700000,0x00000000f2a683d0,0x00000000f5b00000)
  from space 13312K, 0% used [0x00000000f6800000,0x00000000f6800000,0x00000000f7500000)
  to   space 13312K, 0% used [0x00000000f5b00000,0x00000000f5b00000,0x00000000f6800000)
 ParOldGen       total 56320K, used 18947K [0x00000000c2400000, 0x00000000c5b00000, 0x00000000eb700000)
  object space 56320K, 33% used [0x00000000c2400000,0x00000000c3680ff8,0x00000000c5b00000)
 Metaspace       used 27866K, capacity 28652K, committed 28928K, reserved 1075200K
  class space    used 2978K, capacity 3293K, committed 3328K, reserved 1048576K
GC Heap History (10 events):
Event: 8,820 GC heap before
{Heap before GC invocations=10 (full 1):
 PSYoungGen      total 88064K, used 85573K [0x00000000eb700000, 0x00000000f2100000, 0x0000000100000000)
  eden space 75264K, 100% used [0x00000000eb700000,0x00000000f0080000,0x00000000f0080000)
  from space 12800K, 80% used [0x00000000f0e00000,0x00000000f1811428,0x00000000f1a80000)
  to   space 13824K, 0% used [0x00000000f0080000,0x00000000f0080000,0x00000000f0e00000)
 ParOldGen       total 34304K, used 14278K [0x00000000c2400000, 0x00000000c4580000, 0x00000000eb700000)
  object space 34304K, 41% used [0x00000000c2400000,0x00000000c31f1808,0x00000000c4580000)
 Metaspace       used 27144K, capacity 27782K, committed 28160K, reserved 1075200K
  class space    used 2939K, capacity 3240K, committed 3328K, reserved 1048576K
Event: 8,852 GC heap after
Heap after GC invocations=10 (full 1):
 PSYoungGen      total 89088K, used 4864K [0x00000000eb700000, 0x00000000f3f00000, 0x0000000100000000)
  eden space 75264K, 0% used [0x00000000eb700000,0x00000000eb700000,0x00000000f0080000)
  from space 13824K, 35% used [0x00000000f0080000,0x00000000f05400c0,0x00000000f0e00000)
  to   space 13312K, 0% used [0x00000000f3200000,0x00000000f3200000,0x00000000f3f00000)
 ParOldGen       total 34304K, used 21140K [0x00000000c2400000, 0x00000000c4580000, 0x00000000eb700000)
  object space 34304K, 61% used [0x00000000c2400000,0x00000000c38a5200,0x00000000c4580000)
 Metaspace       used 27144K, capacity 27782K, committed 28160K, reserved 1075200K
  class space    used 2939K, capacity 3240K, committed 3328K, reserved 1048576K
}
Event: 9,280 GC heap before
{Heap before GC invocations=11 (full 1):
 PSYoungGen      total 89088K, used 80128K [0x00000000eb700000, 0x00000000f3f00000, 0x0000000100000000)
  eden space 75264K, 100% used [0x00000000eb700000,0x00000000f0080000,0x00000000f0080000)
  from space 13824K, 35% used [0x00000000f0080000,0x00000000f05400c0,0x00000000f0e00000)
  to   space 13312K, 0% used [0x00000000f3200000,0x00000000f3200000,0x00000000f3f00000)
 ParOldGen       total 34304K, used 21140K [0x00000000c2400000, 0x00000000c4580000, 0x00000000eb700000)
  object space 34304K, 61% used [0x00000000c2400000,0x00000000c38a5200,0x00000000c4580000)
 Metaspace       used 27156K, capacity 27846K, committed 28160K, reserved 1075200K
  class space    used 2940K, capacity 3240K, committed 3328K, reserved 1048576K
Event: 9,308 GC heap after
Heap after GC invocations=11 (full 1):
 PSYoungGen      total 125952K, used 2912K [0x00000000eb700000, 0x00000000f3f00000, 0x0000000100000000)
  eden space 112640K, 0% used [0x00000000eb700000,0x00000000eb700000,0x00000000f2500000)
  from space 13312K, 21% used [0x00000000f3200000,0x00000000f34d8388,0x00000000f3f00000)
  to   space 13312K, 0% used [0x00000000f2500000,0x00000000f2500000,0x00000000f3200000)
 ParOldGen       total 34304K, used 24463K [0x00000000c2400000, 0x00000000c4580000, 0x00000000eb700000)
  object space 34304K, 71% used [0x00000000c2400000,0x00000000c3be3ca8,0x00000000c4580000)
 Metaspace       used 27156K, capacity 27846K, committed 28160K, reserved 1075200K
  class space    used 2940K, capacity 3240K, committed 3328K, reserved 1048576K
}
Event: 9,868 GC heap before
{Heap before GC invocations=12 (full 1):
 PSYoungGen      total 125952K, used 115552K [0x00000000eb700000, 0x00000000f3f00000, 0x0000000100000000)
  eden space 112640K, 100% used [0x00000000eb700000,0x00000000f2500000,0x00000000f2500000)
  from space 13312K, 21% used [0x00000000f3200000,0x00000000f34d8388,0x00000000f3f00000)
  to   space 13312K, 0% used [0x00000000f2500000,0x00000000f2500000,0x00000000f3200000)
 ParOldGen       total 34304K, used 24463K [0x00000000c2400000, 0x00000000c4580000, 0x00000000eb700000)
  object space 34304K, 71% used [0x00000000c2400000,0x00000000c3be3ca8,0x00000000c4580000)
 Metaspace       used 27172K, capacity 27846K, committed 28160K, reserved 1075200K
  class space    used 2940K, capacity 3240K, committed 3328K, reserved 1048576K
Event: 9,895 GC heap after
Heap after GC invocations=12 (full 1):
 PSYoungGen      total 125952K, used 2673K [0x00000000eb700000, 0x00000000f7500000, 0x0000000100000000)
  eden space 112640K, 0% used [0x00000000eb700000,0x00000000eb700000,0x00000000f2500000)
  from space 13312K, 20% used [0x00000000f2500000,0x00000000f279c538,0x00000000f3200000)
  to   space 13312K, 0% used [0x00000000f6800000,0x00000000f6800000,0x00000000f7500000)
 ParOldGen       total 34304K, used 26799K [0x00000000c2400000, 0x00000000c4580000, 0x00000000eb700000)
  object space 34304K, 78% used [0x00000000c2400000,0x00000000c3e2bca8,0x00000000c4580000)
 Metaspace       used 27172K, capacity 27846K, committed 28160K, reserved 1075200K
  class space    used 2940K, capacity 3240K, committed 3328K, reserved 1048576K
}
Event: 10,235 GC heap before
{Heap before GC invocations=13 (full 1):
 PSYoungGen      total 125952K, used 115313K [0x00000000eb700000, 0x00000000f7500000, 0x0000000100000000)
  eden space 112640K, 100% used [0x00000000eb700000,0x00000000f2500000,0x00000000f2500000)
  from space 13312K, 20% used [0x00000000f2500000,0x00000000f279c538,0x00000000f3200000)
  to   space 13312K, 0% used [0x00000000f6800000,0x00000000f6800000,0x00000000f7500000)
 ParOldGen       total 34304K, used 26799K [0x00000000c2400000, 0x00000000c4580000, 0x00000000eb700000)
  object space 34304K, 78% used [0x00000000c2400000,0x00000000c3e2bca8,0x00000000c4580000)
 Metaspace       used 27176K, capacity 27846K, committed 28160K, reserved 1075200K
  class space    used 2940K, capacity 3240K, committed 3328K, reserved 1048576K
Event: 10,257 GC heap after
Heap after GC invocations=13 (full 1):
 PSYoungGen      total 181248K, used 2729K [0x00000000eb700000, 0x00000000f7500000, 0x0000000100000000)
  eden space 167936K, 0% used [0x00000000eb700000,0x00000000eb700000,0x00000000f5b00000)
  from space 13312K, 20% used [0x00000000f6800000,0x00000000f6aaa798,0x00000000f7500000)
  to   space 13312K, 0% used [0x00000000f5b00000,0x00000000f5b00000,0x00000000f6800000)
 ParOldGen       total 34304K, used 28823K [0x00000000c2400000, 0x00000000c4580000, 0x00000000eb700000)
  object space 34304K, 84% used [0x00000000c2400000,0x00000000c4025cc8,0x00000000c4580000)
 Metaspace       used 27176K, capacity 27846K, committed 28160K, reserved 1075200K
  class space    used 2940K, capacity 3240K, committed 3328K, reserved 1048576K
}
Event: 10,257 GC heap before
{Heap before GC invocations=14 (full 2):
 PSYoungGen      total 181248K, used 2729K [0x00000000eb700000, 0x00000000f7500000, 0x0000000100000000)
  eden space 167936K, 0% used [0x00000000eb700000,0x00000000eb700000,0x00000000f5b00000)
  from space 13312K, 20% used [0x00000000f6800000,0x00000000f6aaa798,0x00000000f7500000)
  to   space 13312K, 0% used [0x00000000f5b00000,0x00000000f5b00000,0x00000000f6800000)
 ParOldGen       total 34304K, used 28823K [0x00000000c2400000, 0x00000000c4580000, 0x00000000eb700000)
  object space 34304K, 84% used [0x00000000c2400000,0x00000000c4025cc8,0x00000000c4580000)
 Metaspace       used 27176K, capacity 27846K, committed 28160K, reserved 1075200K
  class space    used 2940K, capacity 3240K, committed 3328K, reserved 1048576K
Event: 10,467 GC heap after
Heap after GC invocations=14 (full 2):
 PSYoungGen      total 181248K, used 0K [0x00000000eb700000, 0x00000000f7500000, 0x0000000100000000)
  eden space 167936K, 0% used [0x00000000eb700000,0x00000000eb700000,0x00000000f5b00000)
  from space 13312K, 0% used [0x00000000f6800000,0x00000000f6800000,0x00000000f7500000)
  to   space 13312K, 0% used [0x00000000f5b00000,0x00000000f5b00000,0x00000000f6800000)
 ParOldGen       total 56320K, used 18947K [0x00000000c2400000, 0x00000000c5b00000, 0x00000000eb700000)
  object space 56320K, 33% used [0x00000000c2400000,0x00000000c3680ff8,0x00000000c5b00000)
 Metaspace       used 27176K, capacity 27846K, committed 28160K, reserved 1075200K
  class space    used 2940K, capacity 3240K, committed 3328K, reserved 1048576K
}

