# JRE version: Java(TM) SE Runtime Environment (8.0_141-b15) (build 1.8.0_141-b15)
# Java VM: Java HotSpot(TM) 64-Bit Server VM (25.141-b15 mixed mode linux-amd64 compressed oops)
Heap:
 PSYoungGen      total 140800K, used 57693K [0x00000000eb700000, 0x00000000f8700000, 0x0000000100000000)
  eden space 128000K, 35% used [0x00000000eb700000,0x00000000ee2df618,0x00000000f3400000)
  from space 12800K, 99% used [0x00000000f3400000,0x00000000f4078040,0x00000000f4080000)
  to   space 16896K, 0% used [0x00000000f7680000,0x00000000f7680000,0x00000000f8700000)
 ParOldGen       total 56320K, used 22511K [0x00000000c2400000, 0x00000000c5b00000, 0x00000000eb700000)
  object space 56320K, 39% used [0x00000000c2400000,0x00000000c39fbc38,0x00000000c5b00000)
 Metaspace       used 27616K, capacity 28372K, committed 28672K, reserved 1075200K
  class space    used 2976K, capacity 3293K, committed 3328K, reserved 1048576K
GC Heap History (10 events):
Event: 6,696 GC heap before
{Heap before GC invocations=11 (full 1):
 PSYoungGen      total 77312K, used 68846K [0x00000000eb700000, 0x00000000f2880000, 0x0000000100000000)
  eden space 64512K, 100% used [0x00000000eb700000,0x00000000ef600000,0x00000000ef600000)
  from space 12800K, 33% used [0x00000000ef600000,0x00000000efa3b988,0x00000000f0280000)
  to   space 12800K, 0% used [0x00000000f1c00000,0x00000000f1c00000,0x00000000f2880000)
 ParOldGen       total 34816K, used 21734K [0x00000000c2400000, 0x00000000c4600000, 0x00000000eb700000)
  object space 34816K, 62% used [0x00000000c2400000,0x00000000c3939ab8,0x00000000c4600000)
 Metaspace       used 27097K, capacity 27702K, committed 28160K, reserved 1075200K
  class space    used 2932K, capacity 3238K, committed 3328K, reserved 1048576K
Event: 6,714 GC heap after
Heap after GC invocations=11 (full 1):
 PSYoungGen      total 103424K, used 2624K [0x00000000eb700000, 0x00000000f2900000, 0x0000000100000000)
  eden space 90624K, 0% used [0x00000000eb700000,0x00000000eb700000,0x00000000f0f80000)
  from space 12800K, 20% used [0x00000000f1c00000,0x00000000f1e90388,0x00000000f2880000)
  to   space 12800K, 0% used [0x00000000f0f80000,0x00000000f0f80000,0x00000000f1c00000)
 ParOldGen       total 34816K, used 24671K [0x00000000c2400000, 0x00000000c4600000, 0x00000000eb700000)
  object space 34816K, 70% used [0x00000000c2400000,0x00000000c3c17c80,0x00000000c4600000)
 Metaspace       used 27097K, capacity 27702K, committed 28160K, reserved 1075200K
  class space    used 2932K, capacity 3238K, committed 3328K, reserved 1048576K
}
Event: 6,937 GC heap before
{Heap before GC invocations=12 (full 1):
 PSYoungGen      total 103424K, used 93248K [0x00000000eb700000, 0x00000000f2900000, 0x0000000100000000)
  eden space 90624K, 100% used [0x00000000eb700000,0x00000000f0f80000,0x00000000f0f80000)
  from space 12800K, 20% used [0x00000000f1c00000,0x00000000f1e90388,0x00000000f2880000)
  to   space 12800K, 0% used [0x00000000f0f80000,0x00000000f0f80000,0x00000000f1c00000)
 ParOldGen       total 34816K, used 24671K [0x00000000c2400000, 0x00000000c4600000, 0x00000000eb700000)
  object space 34816K, 70% used [0x00000000c2400000,0x00000000c3c17c80,0x00000000c4600000)
 Metaspace       used 27100K, capacity 27702K, committed 28160K, reserved 1075200K
  class space    used 2933K, capacity 3238K, committed 3328K, reserved 1048576K
Event: 6,957 GC heap after
Heap after GC invocations=12 (full 1):
 PSYoungGen      total 103424K, used 2385K [0x00000000eb700000, 0x00000000f4d80000, 0x0000000100000000)
  eden space 90624K, 0% used [0x00000000eb700000,0x00000000eb700000,0x00000000f0f80000)
  from space 12800K, 18% used [0x00000000f0f80000,0x00000000f11d4538,0x00000000f1c00000)
  to   space 12800K, 0% used [0x00000000f4100000,0x00000000f4100000,0x00000000f4d80000)
 ParOldGen       total 34816K, used 26711K [0x00000000c2400000, 0x00000000c4600000, 0x00000000eb700000)
  object space 34816K, 76% used [0x00000000c2400000,0x00000000c3e15c80,0x00000000c4600000)
 Metaspace       used 27100K, capacity 27702K, committed 28160K, reserved 1075200K
  class space    used 2933K, capacity 3238K, committed 3328K, reserved 1048576K
}
Event: 7,172 GC heap before
{Heap before GC invocations=13 (full 1):
 PSYoungGen      total 103424K, used 93009K [0x00000000eb700000, 0x00000000f4d80000, 0x0000000100000000)
  eden space 90624K, 100% used [0x00000000eb700000,0x00000000f0f80000,0x00000000f0f80000)
  from space 12800K, 18% used [0x00000000f0f80000,0x00000000f11d4538,0x00000000f1c00000)
  to   space 12800K, 0% used [0x00000000f4100000,0x00000000f4100000,0x00000000f4d80000)
 ParOldGen       total 34816K, used 26711K [0x00000000c2400000, 0x00000000c4600000, 0x00000000eb700000)
  object space 34816K, 76% used [0x00000000c2400000,0x00000000c3e15c80,0x00000000c4600000)
 Metaspace       used 27102K, capacity 27702K, committed 28160K, reserved 1075200K
  class space    used 2933K, capacity 3238K, committed 3328K, reserved 1048576K
Event: 7,186 GC heap after
Heap after GC invocations=13 (full 1):
 PSYoungGen      total 140288K, used 1472K [0x00000000eb700000, 0x00000000f4d00000, 0x0000000100000000)
  eden space 128000K, 0% used [0x00000000eb700000,0x00000000eb700000,0x00000000f3400000)
  from space 12288K, 11% used [0x00000000f4100000,0x00000000f4270000,0x00000000f4d00000)
  to   space 12800K, 0% used [0x00000000f3400000,0x00000000f3400000,0x00000000f4080000)
 ParOldGen       total 34816K, used 29040K [0x00000000c2400000, 0x00000000c4600000, 0x00000000eb700000)
  object space 34816K, 83% used [0x00000000c2400000,0x00000000c405c1b8,0x00000000c4600000)
 Metaspace       used 27102K, capacity 27702K, committed 28160K, reserved 1075200K
  class space    used 2933K, capacity 3238K, committed 3328K, reserved 1048576K
}
Event: 7,186 GC heap before
{Heap before GC invocations=14 (full 2):
 PSYoungGen      total 140288K, used 1472K [0x00000000eb700000, 0x00000000f4d00000, 0x0000000100000000)
  eden space 128000K, 0% used [0x00000000eb700000,0x00000000eb700000,0x00000000f3400000)
  from space 12288K, 11% used [0x00000000f4100000,0x00000000f4270000,0x00000000f4d00000)
  to   space 12800K, 0% used [0x00000000f3400000,0x00000000f3400000,0x00000000f4080000)
 ParOldGen       total 34816K, used 29040K [0x00000000c2400000, 0x00000000c4600000, 0x00000000eb700000)
  object space 34816K, 83% used [0x00000000c2400000,0x00000000c405c1b8,0x00000000c4600000)
 Metaspace       used 27102K, capacity 27702K, committed 28160K, reserved 1075200K
  class space    used 2933K, capacity 3238K, committed 3328K, reserved 1048576K
Event: 7,332 GC heap after
Heap after GC invocations=14 (full 2):
 PSYoungGen      total 140288K, used 0K [0x00000000eb700000, 0x00000000f4d00000, 0x0000000100000000)
  eden space 128000K, 0% used [0x00000000eb700000,0x00000000eb700000,0x00000000f3400000)
  from space 12288K, 0% used [0x00000000f4100000,0x00000000f4100000,0x00000000f4d00000)
  to   space 12800K, 0% used [0x00000000f3400000,0x00000000f3400000,0x00000000f4080000)
 ParOldGen       total 56320K, used 17647K [0x00000000c2400000, 0x00000000c5b00000, 0x00000000eb700000)
  object space 56320K, 31% used [0x00000000c2400000,0x00000000c353bcb0,0x00000000c5b00000)
 Metaspace       used 27102K, capacity 27702K, committed 28160K, reserved 1075200K
  class space    used 2933K, capacity 3238K, committed 3328K, reserved 1048576K
}
Event: 8,416 GC heap before
{Heap before GC invocations=15 (full 2):
 PSYoungGen      total 140288K, used 128000K [0x00000000eb700000, 0x00000000f4d00000, 0x0000000100000000)
  eden space 128000K, 100% used [0x00000000eb700000,0x00000000f3400000,0x00000000f3400000)
  from space 12288K, 0% used [0x00000000f4100000,0x00000000f4100000,0x00000000f4d00000)
  to   space 12800K, 0% used [0x00000000f3400000,0x00000000f3400000,0x00000000f4080000)
 ParOldGen       total 56320K, used 17647K [0x00000000c2400000, 0x00000000c5b00000, 0x00000000eb700000)
  object space 56320K, 31% used [0x00000000c2400000,0x00000000c353bcb0,0x00000000c5b00000)
 Metaspace       used 27425K, capacity 28114K, committed 28416K, reserved 1075200K
  class space    used 2956K, capacity 3244K, committed 3328K, reserved 1048576K
Event: 8,492 GC heap after
Heap after GC invocations=15 (full 2):
 PSYoungGen      total 140800K, used 12768K [0x00000000eb700000, 0x00000000f8700000, 0x0000000100000000)
  eden space 128000K, 0% used [0x00000000eb700000,0x00000000eb700000,0x00000000f3400000)
  from space 12800K, 99% used [0x00000000f3400000,0x00000000f4078040,0x00000000f4080000)
  to   space 16896K, 0% used [0x00000000f7680000,0x00000000f7680000,0x00000000f8700000)
 ParOldGen       total 56320K, used 22511K [0x00000000c2400000, 0x00000000c5b00000, 0x00000000eb700000)
  object space 56320K, 39% used [0x00000000c2400000,0x00000000c39fbc38,0x00000000c5b00000)
 Metaspace       used 27425K, capacity 28114K, committed 28416K, reserved 1075200K
  class space    used 2956K, capacity 3244K, committed 3328K, reserved 1048576K
}

