# JRE version: Java(TM) SE Runtime Environment (8.0_144-b01) (build 1.8.0_144-b01)
# Java VM: Java HotSpot(TM) 64-Bit Server VM (25.144-b01 mixed mode linux-amd64 compressed oops)
Heap:
 PSYoungGen      total 46080K, used 35145K [0x00000000eb700000, 0x00000000efa00000, 0x0000000100000000)
  eden space 43520K, 74% used [0x00000000eb700000,0x00000000ed6d2a08,0x00000000ee180000)
  from space 2560K, 99% used [0x00000000ef780000,0x00000000ef9ffcf8,0x00000000efa00000)
  to   space 2560K, 0% used [0x00000000ef500000,0x00000000ef500000,0x00000000ef780000)
 ParOldGen       total 38912K, used 7914K [0x00000000c2400000, 0x00000000c4a00000, 0x00000000eb700000)
  object space 38912K, 20% used [0x00000000c2400000,0x00000000c2bbaac0,0x00000000c4a00000)
 Metaspace       used 26682K, capacity 27320K, committed 27520K, reserved 1073152K
  class space    used 2911K, capacity 3185K, committed 3200K, reserved 1048576K
GC Heap History (10 events):
Event: 1,327 GC heap before
{Heap before GC invocations=1 (full 0):
 PSYoungGen      total 18432K, used 15872K [0x00000000eb700000, 0x00000000ecb80000, 0x0000000100000000)
  eden space 15872K, 100% used [0x00000000eb700000,0x00000000ec680000,0x00000000ec680000)
  from space 2560K, 0% used [0x00000000ec900000,0x00000000ec900000,0x00000000ecb80000)
  to   space 2560K, 0% used [0x00000000ec680000,0x00000000ec680000,0x00000000ec900000)
 ParOldGen       total 42496K, used 0K [0x00000000c2400000, 0x00000000c4d80000, 0x00000000eb700000)
  object space 42496K, 0% used [0x00000000c2400000,0x00000000c2400000,0x00000000c4d80000)
 Metaspace       used 8345K, capacity 8730K, committed 8832K, reserved 1056768K
  class space    used 908K, capacity 1097K, committed 1152K, reserved 1048576K
Event: 1,342 GC heap after
Heap after GC invocations=1 (full 0):
 PSYoungGen      total 18432K, used 2550K [0x00000000eb700000, 0x00000000edb00000, 0x0000000100000000)
  eden space 15872K, 0% used [0x00000000eb700000,0x00000000eb700000,0x00000000ec680000)
  from space 2560K, 99% used [0x00000000ec680000,0x00000000ec8fda40,0x00000000ec900000)
  to   space 2560K, 0% used [0x00000000ed880000,0x00000000ed880000,0x00000000edb00000)
 ParOldGen       total 42496K, used 1238K [0x00000000c2400000, 0x00000000c4d80000, 0x00000000eb700000)
  object space 42496K, 2% used [0x00000000c2400000,0x00000000c25358e0,0x00000000c4d80000)
 Metaspace       used 8345K, capacity 8730K, committed 8832K, reserved 1056768K
  class space    used 908K, capacity 1097K, committed 1152K, reserved 1048576K
}
Event: 2,083 GC heap before
{Heap before GC invocations=2 (full 0):
 PSYoungGen      total 18432K, used 18422K [0x00000000eb700000, 0x00000000edb00000, 0x0000000100000000)
  eden space 15872K, 100% used [0x00000000eb700000,0x00000000ec680000,0x00000000ec680000)
  from space 2560K, 99% used [0x00000000ec680000,0x00000000ec8fda40,0x00000000ec900000)
  to   space 2560K, 0% used [0x00000000ed880000,0x00000000ed880000,0x00000000edb00000)
 ParOldGen       total 42496K, used 1238K [0x00000000c2400000, 0x00000000c4d80000, 0x00000000eb700000)
  object space 42496K, 2% used [0x00000000c2400000,0x00000000c25358e0,0x00000000c4d80000)
 Metaspace       used 13125K, capacity 13688K, committed 13824K, reserved 1060864K
  class space    used 1495K, capacity 1757K, committed 1792K, reserved 1048576K
Event: 2,113 GC heap after
Heap after GC invocations=2 (full 0):
 PSYoungGen      total 34304K, used 2544K [0x00000000eb700000, 0x00000000edb00000, 0x0000000100000000)
  eden space 31744K, 0% used [0x00000000eb700000,0x00000000eb700000,0x00000000ed600000)
  from space 2560K, 99% used [0x00000000ed880000,0x00000000edafc030,0x00000000edb00000)
  to   space 2560K, 0% used [0x00000000ed600000,0x00000000ed600000,0x00000000ed880000)
 ParOldGen       total 42496K, used 3693K [0x00000000c2400000, 0x00000000c4d80000, 0x00000000eb700000)
  object space 42496K, 8% used [0x00000000c2400000,0x00000000c279b510,0x00000000c4d80000)
 Metaspace       used 13125K, capacity 13688K, committed 13824K, reserved 1060864K
  class space    used 1495K, capacity 1757K, committed 1792K, reserved 1048576K
}
Event: 3,453 GC heap before
{Heap before GC invocations=3 (full 0):
 PSYoungGen      total 34304K, used 26784K [0x00000000eb700000, 0x00000000edb00000, 0x0000000100000000)
  eden space 31744K, 76% used [0x00000000eb700000,0x00000000eceac3a8,0x00000000ed600000)
  from space 2560K, 99% used [0x00000000ed880000,0x00000000edafc030,0x00000000edb00000)
  to   space 2560K, 0% used [0x00000000ed600000,0x00000000ed600000,0x00000000ed880000)
 ParOldGen       total 42496K, used 3693K [0x00000000c2400000, 0x00000000c4d80000, 0x00000000eb700000)
  object space 42496K, 8% used [0x00000000c2400000,0x00000000c279b510,0x00000000c4d80000)
 Metaspace       used 20534K, capacity 21100K, committed 21296K, reserved 1069056K
  class space    used 2175K, capacity 2430K, committed 2432K, reserved 1048576K
Event: 3,471 GC heap after
Heap after GC invocations=3 (full 0):
 PSYoungGen      total 34304K, used 2544K [0x00000000eb700000, 0x00000000efa00000, 0x0000000100000000)
  eden space 31744K, 0% used [0x00000000eb700000,0x00000000eb700000,0x00000000ed600000)
  from space 2560K, 99% used [0x00000000ed600000,0x00000000ed87c010,0x00000000ed880000)
  to   space 2560K, 0% used [0x00000000ef780000,0x00000000ef780000,0x00000000efa00000)
 ParOldGen       total 42496K, used 8882K [0x00000000c2400000, 0x00000000c4d80000, 0x00000000eb700000)
  object space 42496K, 20% used [0x00000000c2400000,0x00000000c2cac880,0x00000000c4d80000)
 Metaspace       used 20534K, capacity 21100K, committed 21296K, reserved 1069056K
  class space    used 2175K, capacity 2430K, committed 2432K, reserved 1048576K
}
Event: 3,471 GC heap before
{Heap before GC invocations=4 (full 1):
 PSYoungGen      total 34304K, used 2544K [0x00000000eb700000, 0x00000000efa00000, 0x0000000100000000)
  eden space 31744K, 0% used [0x00000000eb700000,0x00000000eb700000,0x00000000ed600000)
  from space 2560K, 99% used [0x00000000ed600000,0x00000000ed87c010,0x00000000ed880000)
  to   space 2560K, 0% used [0x00000000ef780000,0x00000000ef780000,0x00000000efa00000)
 ParOldGen       total 42496K, used 8882K [0x00000000c2400000, 0x00000000c4d80000, 0x00000000eb700000)
  object space 42496K, 20% used [0x00000000c2400000,0x00000000c2cac880,0x00000000c4d80000)
 Metaspace       used 20534K, capacity 21100K, committed 21296K, reserved 1069056K
  class space    used 2175K, capacity 2430K, committed 2432K, reserved 1048576K
Event: 3,576 GC heap after
Heap after GC invocations=4 (full 1):
 PSYoungGen      total 34304K, used 0K [0x00000000eb700000, 0x00000000efa00000, 0x0000000100000000)
  eden space 31744K, 0% used [0x00000000eb700000,0x00000000eb700000,0x00000000ed600000)
  from space 2560K, 0% used [0x00000000ed600000,0x00000000ed600000,0x00000000ed880000)
  to   space 2560K, 0% used [0x00000000ef780000,0x00000000ef780000,0x00000000efa00000)
 ParOldGen       total 38912K, used 7493K [0x00000000c2400000, 0x00000000c4a00000, 0x00000000eb700000)
  object space 38912K, 19% used [0x00000000c2400000,0x00000000c2b514a0,0x00000000c4a00000)
 Metaspace       used 20525K, capacity 21090K, committed 21296K, reserved 1069056K
  class space    used 2174K, capacity 2428K, committed 2432K, reserved 1048576K
}
Event: 5,459 GC heap before
{Heap before GC invocations=5 (full 1):
 PSYoungGen      total 34304K, used 31744K [0x00000000eb700000, 0x00000000efa00000, 0x0000000100000000)
  eden space 31744K, 100% used [0x00000000eb700000,0x00000000ed600000,0x00000000ed600000)
  from space 2560K, 0% used [0x00000000ed600000,0x00000000ed600000,0x00000000ed880000)
  to   space 2560K, 0% used [0x00000000ef780000,0x00000000ef780000,0x00000000efa00000)
 ParOldGen       total 38912K, used 7493K [0x00000000c2400000, 0x00000000c4a00000, 0x00000000eb700000)
  object space 38912K, 19% used [0x00000000c2400000,0x00000000c2b514a0,0x00000000c4a00000)
 Metaspace       used 23799K, capacity 24394K, committed 24576K, reserved 1071104K
  class space    used 2506K, capacity 2782K, committed 2816K, reserved 1048576K
Event: 5,466 GC heap after
Heap after GC invocations=5 (full 1):
 PSYoungGen      total 46080K, used 2559K [0x00000000eb700000, 0x00000000efa00000, 0x0000000100000000)
  eden space 43520K, 0% used [0x00000000eb700000,0x00000000eb700000,0x00000000ee180000)
  from space 2560K, 99% used [0x00000000ef780000,0x00000000ef9ffcf8,0x00000000efa00000)
  to   space 2560K, 0% used [0x00000000ef500000,0x00000000ef500000,0x00000000ef780000)
 ParOldGen       total 38912K, used 7914K [0x00000000c2400000, 0x00000000c4a00000, 0x00000000eb700000)
  object space 38912K, 20% used [0x00000000c2400000,0x00000000c2bbaac0,0x00000000c4a00000)
 Metaspace       used 23799K, capacity 24394K, committed 24576K, reserved 1071104K
  class space    used 2506K, capacity 2782K, committed 2816K, reserved 1048576K
}

