# JRE version: Java(TM) SE Runtime Environment (8.0_144-b01) (build 1.8.0_144-b01)
# Java VM: Java HotSpot(TM) 64-Bit Server VM (25.144-b01 mixed mode linux-amd64 compressed oops)
Heap:
 PSYoungGen      total 162304K, used 105526K [0x00000000eb700000, 0x00000000fc180000, 0x0000000100000000)
  eden space 72192K, 50% used [0x00000000eb700000,0x00000000eda91c48,0x00000000efd80000)
  from space 90112K, 76% used [0x00000000f5d00000,0x00000000fa07be68,0x00000000fb500000)
  to   space 97792K, 0% used [0x00000000efd80000,0x00000000efd80000,0x00000000f5d00000)
 ParOldGen       total 190464K, used 99838K [0x00000000c2400000, 0x00000000cde00000, 0x00000000eb700000)
  object space 190464K, 52% used [0x00000000c2400000,0x00000000c857fbe0,0x00000000cde00000)
 Metaspace       used 27038K, capacity 27754K, committed 28160K, reserved 1075200K
  class space    used 2925K, capacity 3222K, committed 3328K, reserved 1048576K
GC Heap History (10 events):
Event: 5,376 GC heap before
{Heap before GC invocations=9 (full 3):
 PSYoungGen      total 81408K, used 29184K [0x00000000eb700000, 0x00000000f8f00000, 0x0000000100000000)
  eden space 52224K, 0% used [0x00000000eb700000,0x00000000eb700000,0x00000000eea00000)
  from space 29184K, 100% used [0x00000000f2000000,0x00000000f3c80000,0x00000000f3c80000)
  to   space 55296K, 0% used [0x00000000eea00000,0x00000000eea00000,0x00000000f2000000)
 ParOldGen       total 101888K, used 70986K [0x00000000c2400000, 0x00000000c8780000, 0x00000000eb700000)
  object space 101888K, 69% used [0x00000000c2400000,0x00000000c69528b0,0x00000000c8780000)
 Metaspace       used 21886K, capacity 22570K, committed 22832K, reserved 1069056K
  class space    used 2322K, capacity 2622K, committed 2688K, reserved 1048576K
Event: 5,541 GC heap after
Heap after GC invocations=9 (full 3):
 PSYoungGen      total 81408K, used 0K [0x00000000eb700000, 0x00000000f8f00000, 0x0000000100000000)
  eden space 52224K, 0% used [0x00000000eb700000,0x00000000eb700000,0x00000000eea00000)
  from space 29184K, 0% used [0x00000000f2000000,0x00000000f2000000,0x00000000f3c80000)
  to   space 55296K, 0% used [0x00000000eea00000,0x00000000eea00000,0x00000000f2000000)
 ParOldGen       total 190464K, used 99822K [0x00000000c2400000, 0x00000000cde00000, 0x00000000eb700000)
  object space 190464K, 52% used [0x00000000c2400000,0x00000000c857bbe0,0x00000000cde00000)
 Metaspace       used 21886K, capacity 22570K, committed 22832K, reserved 1069056K
  class space    used 2322K, capacity 2622K, committed 2688K, reserved 1048576K
}
Event: 5,572 GC heap before
{Heap before GC invocations=10 (full 3):
 PSYoungGen      total 81408K, used 52224K [0x00000000eb700000, 0x00000000f8f00000, 0x0000000100000000)
  eden space 52224K, 100% used [0x00000000eb700000,0x00000000eea00000,0x00000000eea00000)
  from space 29184K, 0% used [0x00000000f2000000,0x00000000f2000000,0x00000000f3c80000)
  to   space 55296K, 0% used [0x00000000eea00000,0x00000000eea00000,0x00000000f2000000)
 ParOldGen       total 190464K, used 99822K [0x00000000c2400000, 0x00000000cde00000, 0x00000000eb700000)
  object space 190464K, 52% used [0x00000000c2400000,0x00000000c857bbe0,0x00000000cde00000)
 Metaspace       used 21886K, capacity 22570K, committed 22832K, reserved 1069056K
  class space    used 2322K, capacity 2622K, committed 2688K, reserved 1048576K
Event: 5,639 GC heap after
Heap after GC invocations=10 (full 3):
 PSYoungGen      total 107520K, used 52512K [0x00000000eb700000, 0x00000000f8480000, 0x0000000100000000)
  eden space 52224K, 0% used [0x00000000eb700000,0x00000000eb700000,0x00000000eea00000)
  from space 55296K, 94% used [0x00000000eea00000,0x00000000f1d48000,0x00000000f2000000)
  to   space 66560K, 0% used [0x00000000f4380000,0x00000000f4380000,0x00000000f8480000)
 ParOldGen       total 190464K, used 99822K [0x00000000c2400000, 0x00000000cde00000, 0x00000000eb700000)
  object space 190464K, 52% used [0x00000000c2400000,0x00000000c857bbe0,0x00000000cde00000)
 Metaspace       used 21886K, capacity 22570K, committed 22832K, reserved 1069056K
  class space    used 2322K, capacity 2622K, committed 2688K, reserved 1048576K
}
Event: 8,299 GC heap before
{Heap before GC invocations=11 (full 3):
 PSYoungGen      total 107520K, used 104736K [0x00000000eb700000, 0x00000000f8480000, 0x0000000100000000)
  eden space 52224K, 100% used [0x00000000eb700000,0x00000000eea00000,0x00000000eea00000)
  from space 55296K, 94% used [0x00000000eea00000,0x00000000f1d48000,0x00000000f2000000)
  to   space 66560K, 0% used [0x00000000f4380000,0x00000000f4380000,0x00000000f8480000)
 ParOldGen       total 190464K, used 99822K [0x00000000c2400000, 0x00000000cde00000, 0x00000000eb700000)
  object space 190464K, 52% used [0x00000000c2400000,0x00000000c857bbe0,0x00000000cde00000)
 Metaspace       used 22474K, capacity 23100K, committed 23552K, reserved 1071104K
  class space    used 2397K, capacity 2691K, committed 2816K, reserved 1048576K
Event: 8,440 GC heap after
Heap after GC invocations=11 (full 3):
 PSYoungGen      total 131072K, used 65307K [0x00000000eb700000, 0x00000000f9b00000, 0x0000000100000000)
  eden space 64512K, 0% used [0x00000000eb700000,0x00000000eb700000,0x00000000ef600000)
  from space 66560K, 98% used [0x00000000f4380000,0x00000000f8346ca8,0x00000000f8480000)
  to   space 79360K, 0% used [0x00000000ef600000,0x00000000ef600000,0x00000000f4380000)
 ParOldGen       total 190464K, used 99822K [0x00000000c2400000, 0x00000000cde00000, 0x00000000eb700000)
  object space 190464K, 52% used [0x00000000c2400000,0x00000000c857bbe0,0x00000000cde00000)
 Metaspace       used 22474K, capacity 23100K, committed 23552K, reserved 1071104K
  class space    used 2397K, capacity 2691K, committed 2816K, reserved 1048576K
}
Event: 9,671 GC heap before
{Heap before GC invocations=12 (full 3):
 PSYoungGen      total 131072K, used 129555K [0x00000000eb700000, 0x00000000f9b00000, 0x0000000100000000)
  eden space 64512K, 99% used [0x00000000eb700000,0x00000000ef5be0f8,0x00000000ef600000)
  from space 66560K, 98% used [0x00000000f4380000,0x00000000f8346ca8,0x00000000f8480000)
  to   space 79360K, 0% used [0x00000000ef600000,0x00000000ef600000,0x00000000f4380000)
 ParOldGen       total 190464K, used 99822K [0x00000000c2400000, 0x00000000cde00000, 0x00000000eb700000)
  object space 190464K, 52% used [0x00000000c2400000,0x00000000c857bbe0,0x00000000cde00000)
 Metaspace       used 26138K, capacity 26816K, committed 27264K, reserved 1073152K
  class space    used 2892K, capacity 3179K, committed 3200K, reserved 1048576K
Event: 9,740 GC heap after
Heap after GC invocations=12 (full 3):
 PSYoungGen      total 143872K, used 70631K [0x00000000eb700000, 0x00000000fb500000, 0x0000000100000000)
  eden space 64512K, 0% used [0x00000000eb700000,0x00000000eb700000,0x00000000ef600000)
  from space 79360K, 89% used [0x00000000ef600000,0x00000000f3af9cf0,0x00000000f4380000)
  to   space 90112K, 0% used [0x00000000f5d00000,0x00000000f5d00000,0x00000000fb500000)
 ParOldGen       total 190464K, used 99830K [0x00000000c2400000, 0x00000000cde00000, 0x00000000eb700000)
  object space 190464K, 52% used [0x00000000c2400000,0x00000000c857dbe0,0x00000000cde00000)
 Metaspace       used 26138K, capacity 26816K, committed 27264K, reserved 1073152K
  class space    used 2892K, capacity 3179K, committed 3200K, reserved 1048576K
}
Event: 19,363 GC heap before
{Heap before GC invocations=13 (full 3):
 PSYoungGen      total 143872K, used 135143K [0x00000000eb700000, 0x00000000fb500000, 0x0000000100000000)
  eden space 64512K, 100% used [0x00000000eb700000,0x00000000ef600000,0x00000000ef600000)
  from space 79360K, 89% used [0x00000000ef600000,0x00000000f3af9cf0,0x00000000f4380000)
  to   space 90112K, 0% used [0x00000000f5d00000,0x00000000f5d00000,0x00000000fb500000)
 ParOldGen       total 190464K, used 99830K [0x00000000c2400000, 0x00000000cde00000, 0x00000000eb700000)
  object space 190464K, 52% used [0x00000000c2400000,0x00000000c857dbe0,0x00000000cde00000)
 Metaspace       used 26993K, capacity 27678K, committed 28160K, reserved 1075200K
  class space    used 2922K, capacity 3220K, committed 3328K, reserved 1048576K
Event: 19,474 GC heap after
Heap after GC invocations=13 (full 3):
 PSYoungGen      total 162304K, used 69103K [0x00000000eb700000, 0x00000000fc180000, 0x0000000100000000)
  eden space 72192K, 0% used [0x00000000eb700000,0x00000000eb700000,0x00000000efd80000)
  from space 90112K, 76% used [0x00000000f5d00000,0x00000000fa07be68,0x00000000fb500000)
  to   space 97792K, 0% used [0x00000000efd80000,0x00000000efd80000,0x00000000f5d00000)
 ParOldGen       total 190464K, used 99838K [0x00000000c2400000, 0x00000000cde00000, 0x00000000eb700000)
  object space 190464K, 52% used [0x00000000c2400000,0x00000000c857fbe0,0x00000000cde00000)
 Metaspace       used 26993K, capacity 27678K, committed 28160K, reserved 1075200K
  class space    used 2922K, capacity 3220K, committed 3328K, reserved 1048576K
}

