# JRE version: Java(TM) SE Runtime Environment (8.0_144-b01) (build 1.8.0_144-b01)
# Java VM: Java HotSpot(TM) 64-Bit Server VM (25.144-b01 mixed mode linux-amd64 compressed oops)
Heap:
 PSYoungGen      total 134656K, used 53944K [0x00000000eb700000, 0x00000000f8980000, 0x0000000100000000)
  eden space 54784K, 24% used [0x00000000eb700000,0x00000000ec4044e8,0x00000000eec80000)
  from space 79872K, 50% used [0x00000000eec80000,0x00000000f1429cb0,0x00000000f3a80000)
  to   space 77312K, 0% used [0x00000000f3e00000,0x00000000f3e00000,0x00000000f8980000)
 ParOldGen       total 190976K, used 128392K [0x00000000c2400000, 0x00000000cde80000, 0x00000000eb700000)
  object space 190976K, 67% used [0x00000000c2400000,0x00000000ca162060,0x00000000cde80000)
 Metaspace       used 27167K, capacity 27826K, committed 28160K, reserved 1075200K
  class space    used 2926K, capacity 3222K, committed 3328K, reserved 1048576K
GC Heap History (10 events):
Event: 8,138 GC heap before
{Heap before GC invocations=12 (full 3):
 PSYoungGen      total 101888K, used 101888K [0x00000000eb700000, 0x00000000fa200000, 0x0000000100000000)
  eden space 39936K, 100% used [0x00000000eb700000,0x00000000ede00000,0x00000000ede00000)
  from space 61952K, 100% used [0x00000000f3400000,0x00000000f7080000,0x00000000f7080000)
  to   space 88064K, 0% used [0x00000000ede00000,0x00000000ede00000,0x00000000f3400000)
 ParOldGen       total 190976K, used 128368K [0x00000000c2400000, 0x00000000cde80000, 0x00000000eb700000)
  object space 190976K, 67% used [0x00000000c2400000,0x00000000ca15c060,0x00000000cde80000)
 Metaspace       used 25613K, capacity 26216K, committed 26496K, reserved 1073152K
  class space    used 2843K, capacity 3109K, committed 3200K, reserved 1048576K
Event: 8,190 GC heap after
Heap after GC invocations=12 (full 3):
 PSYoungGen      total 128000K, used 47231K [0x00000000eb700000, 0x00000000f9280000, 0x0000000100000000)
  eden space 39936K, 0% used [0x00000000eb700000,0x00000000eb700000,0x00000000ede00000)
  from space 88064K, 53% used [0x00000000ede00000,0x00000000f0c1fce8,0x00000000f3400000)
  to   space 88064K, 0% used [0x00000000f3c80000,0x00000000f3c80000,0x00000000f9280000)
 ParOldGen       total 190976K, used 128376K [0x00000000c2400000, 0x00000000cde80000, 0x00000000eb700000)
  object space 190976K, 67% used [0x00000000c2400000,0x00000000ca15e060,0x00000000cde80000)
 Metaspace       used 25613K, capacity 26216K, committed 26496K, reserved 1073152K
  class space    used 2843K, capacity 3109K, committed 3200K, reserved 1048576K
}
Event: 8,857 GC heap before
{Heap before GC invocations=13 (full 3):
 PSYoungGen      total 128000K, used 87034K [0x00000000eb700000, 0x00000000f9280000, 0x0000000100000000)
  eden space 39936K, 99% used [0x00000000eb700000,0x00000000edddede8,0x00000000ede00000)
  from space 88064K, 53% used [0x00000000ede00000,0x00000000f0c1fce8,0x00000000f3400000)
  to   space 88064K, 0% used [0x00000000f3c80000,0x00000000f3c80000,0x00000000f9280000)
 ParOldGen       total 190976K, used 128376K [0x00000000c2400000, 0x00000000cde80000, 0x00000000eb700000)
  object space 190976K, 67% used [0x00000000c2400000,0x00000000ca15e060,0x00000000cde80000)
 Metaspace       used 26120K, capacity 26752K, committed 27008K, reserved 1073152K
  class space    used 2893K, capacity 3179K, committed 3200K, reserved 1048576K
Event: 8,910 GC heap after
Heap after GC invocations=13 (full 3):
 PSYoungGen      total 129536K, used 40650K [0x00000000eb700000, 0x00000000f8c00000, 0x0000000100000000)
  eden space 48128K, 0% used [0x00000000eb700000,0x00000000eb700000,0x00000000ee600000)
  from space 81408K, 49% used [0x00000000f3c80000,0x00000000f6432900,0x00000000f8c00000)
  to   space 84992K, 0% used [0x00000000ee600000,0x00000000ee600000,0x00000000f3900000)
 ParOldGen       total 190976K, used 128376K [0x00000000c2400000, 0x00000000cde80000, 0x00000000eb700000)
  object space 190976K, 67% used [0x00000000c2400000,0x00000000ca15e060,0x00000000cde80000)
 Metaspace       used 26120K, capacity 26752K, committed 27008K, reserved 1073152K
  class space    used 2893K, capacity 3179K, committed 3200K, reserved 1048576K
}
Event: 15,411 GC heap before
{Heap before GC invocations=14 (full 3):
 PSYoungGen      total 129536K, used 88778K [0x00000000eb700000, 0x00000000f8c00000, 0x0000000100000000)
  eden space 48128K, 100% used [0x00000000eb700000,0x00000000ee600000,0x00000000ee600000)
  from space 81408K, 49% used [0x00000000f3c80000,0x00000000f6432900,0x00000000f8c00000)
  to   space 84992K, 0% used [0x00000000ee600000,0x00000000ee600000,0x00000000f3900000)
 ParOldGen       total 190976K, used 128376K [0x00000000c2400000, 0x00000000cde80000, 0x00000000eb700000)
  object space 190976K, 67% used [0x00000000c2400000,0x00000000ca15e060,0x00000000cde80000)
 Metaspace       used 27013K, capacity 27678K, committed 28160K, reserved 1075200K
  class space    used 2925K, capacity 3220K, committed 3328K, reserved 1048576K
Event: 15,454 GC heap after
Heap after GC invocations=14 (full 3):
 PSYoungGen      total 133120K, used 40655K [0x00000000eb700000, 0x00000000f8f00000, 0x0000000100000000)
  eden space 48128K, 0% used [0x00000000eb700000,0x00000000eb700000,0x00000000ee600000)
  from space 84992K, 47% used [0x00000000ee600000,0x00000000f0db3e68,0x00000000f3900000)
  to   space 82432K, 0% used [0x00000000f3e80000,0x00000000f3e80000,0x00000000f8f00000)
 ParOldGen       total 190976K, used 128384K [0x00000000c2400000, 0x00000000cde80000, 0x00000000eb700000)
  object space 190976K, 67% used [0x00000000c2400000,0x00000000ca160060,0x00000000cde80000)
 Metaspace       used 27013K, capacity 27678K, committed 28160K, reserved 1075200K
  class space    used 2925K, capacity 3220K, committed 3328K, reserved 1048576K
}
Event: 27,138 GC heap before
{Heap before GC invocations=15 (full 3):
 PSYoungGen      total 133120K, used 88783K [0x00000000eb700000, 0x00000000f8f00000, 0x0000000100000000)
  eden space 48128K, 100% used [0x00000000eb700000,0x00000000ee600000,0x00000000ee600000)
  from space 84992K, 47% used [0x00000000ee600000,0x00000000f0db3e68,0x00000000f3900000)
  to   space 82432K, 0% used [0x00000000f3e80000,0x00000000f3e80000,0x00000000f8f00000)
 ParOldGen       total 190976K, used 128384K [0x00000000c2400000, 0x00000000cde80000, 0x00000000eb700000)
  object space 190976K, 67% used [0x00000000c2400000,0x00000000ca160060,0x00000000cde80000)
 Metaspace       used 27096K, capacity 27750K, committed 28160K, reserved 1075200K
  class space    used 2925K, capacity 3220K, committed 3328K, reserved 1048576K
Event: 27,187 GC heap after
Heap after GC invocations=15 (full 3):
 PSYoungGen      total 130560K, used 40587K [0x00000000eb700000, 0x00000000f8880000, 0x0000000100000000)
  eden space 54784K, 0% used [0x00000000eb700000,0x00000000eb700000,0x00000000eec80000)
  from space 75776K, 53% used [0x00000000f3e80000,0x00000000f6622cf8,0x00000000f8880000)
  to   space 79872K, 0% used [0x00000000eec80000,0x00000000eec80000,0x00000000f3a80000)
 ParOldGen       total 190976K, used 128392K [0x00000000c2400000, 0x00000000cde80000, 0x00000000eb700000)
  object space 190976K, 67% used [0x00000000c2400000,0x00000000ca162060,0x00000000cde80000)
 Metaspace       used 27096K, capacity 27750K, committed 28160K, reserved 1075200K
  class space    used 2925K, capacity 3220K, committed 3328K, reserved 1048576K
}
Event: 42,734 GC heap before
{Heap before GC invocations=16 (full 3):
 PSYoungGen      total 130560K, used 95371K [0x00000000eb700000, 0x00000000f8880000, 0x0000000100000000)
  eden space 54784K, 100% used [0x00000000eb700000,0x00000000eec80000,0x00000000eec80000)
  from space 75776K, 53% used [0x00000000f3e80000,0x00000000f6622cf8,0x00000000f8880000)
  to   space 79872K, 0% used [0x00000000eec80000,0x00000000eec80000,0x00000000f3a80000)
 ParOldGen       total 190976K, used 128392K [0x00000000c2400000, 0x00000000cde80000, 0x00000000eb700000)
  object space 190976K, 67% used [0x00000000c2400000,0x00000000ca162060,0x00000000cde80000)
 Metaspace       used 27154K, capacity 27814K, committed 28160K, reserved 1075200K
  class space    used 2925K, capacity 3220K, committed 3328K, reserved 1048576K
Event: 42,783 GC heap after
Heap after GC invocations=16 (full 3):
 PSYoungGen      total 134656K, used 40615K [0x00000000eb700000, 0x00000000f8980000, 0x0000000100000000)
  eden space 54784K, 0% used [0x00000000eb700000,0x00000000eb700000,0x00000000eec80000)
  from space 79872K, 50% used [0x00000000eec80000,0x00000000f1429cb0,0x00000000f3a80000)
  to   space 77312K, 0% used [0x00000000f3e00000,0x00000000f3e00000,0x00000000f8980000)
 ParOldGen       total 190976K, used 128392K [0x00000000c2400000, 0x00000000cde80000, 0x00000000eb700000)
  object space 190976K, 67% used [0x00000000c2400000,0x00000000ca162060,0x00000000cde80000)
 Metaspace       used 27154K, capacity 27814K, committed 28160K, reserved 1075200K
  class space    used 2925K, capacity 3220K, committed 3328K, reserved 1048576K
}

