# JRE version: Java(TM) SE Runtime Environment (8.0_144-b01) (build 1.8.0_144-b01)
# Java VM: Java HotSpot(TM) 64-Bit Server VM (25.144-b01 mixed mode linux-amd64 compressed oops)
Heap:
 PSYoungGen      total 107008K, used 46224K [0x00000000eb700000, 0x00000000f5200000, 0x0000000100000000)
  eden space 61440K, 70% used [0x00000000eb700000,0x00000000ee17e178,0x00000000ef300000)
  from space 45568K, 5% used [0x00000000f2580000,0x00000000f28261d8,0x00000000f5200000)
  to   space 48640K, 0% used [0x00000000ef300000,0x00000000ef300000,0x00000000f2280000)
 ParOldGen       total 199168K, used 166178K [0x00000000c2400000, 0x00000000ce680000, 0x00000000eb700000)
  object space 199168K, 83% used [0x00000000c2400000,0x00000000cc648b58,0x00000000ce680000)
 Metaspace       used 27040K, capacity 27754K, committed 28160K, reserved 1075200K
  class space    used 2922K, capacity 3222K, committed 3328K, reserved 1048576K
GC Heap History (10 events):
Event: 14,339 GC heap before
{Heap before GC invocations=16 (full 4):
 PSYoungGen      total 81408K, used 29856K [0x00000000eb700000, 0x00000000f3980000, 0x0000000100000000)
  eden space 38400K, 0% used [0x00000000eb700000,0x00000000eb700000,0x00000000edc80000)
  from space 43008K, 69% used [0x00000000f0900000,0x00000000f2628000,0x00000000f3300000)
  to   space 45568K, 0% used [0x00000000edc80000,0x00000000edc80000,0x00000000f0900000)
 ParOldGen       total 126976K, used 114072K [0x00000000c2400000, 0x00000000ca000000, 0x00000000eb700000)
  object space 126976K, 89% used [0x00000000c2400000,0x00000000c9366098,0x00000000ca000000)
 Metaspace       used 22188K, capacity 22826K, committed 23088K, reserved 1069056K
  class space    used 2341K, capacity 2622K, committed 2688K, reserved 1048576K
Event: 14,528 GC heap after
Heap after GC invocations=16 (full 4):
 PSYoungGen      total 81408K, used 16971K [0x00000000eb700000, 0x00000000f3980000, 0x0000000100000000)
  eden space 38400K, 0% used [0x00000000eb700000,0x00000000eb700000,0x00000000edc80000)
  from space 43008K, 39% used [0x00000000f0900000,0x00000000f1992f60,0x00000000f3300000)
  to   space 45568K, 0% used [0x00000000edc80000,0x00000000edc80000,0x00000000f0900000)
 ParOldGen       total 199168K, used 126500K [0x00000000c2400000, 0x00000000ce680000, 0x00000000eb700000)
  object space 199168K, 63% used [0x00000000c2400000,0x00000000c9f89048,0x00000000ce680000)
 Metaspace       used 22188K, capacity 22826K, committed 23088K, reserved 1069056K
  class space    used 2341K, capacity 2622K, committed 2688K, reserved 1048576K
}
Event: 15,602 GC heap before
{Heap before GC invocations=17 (full 4):
 PSYoungGen      total 81408K, used 55371K [0x00000000eb700000, 0x00000000f3980000, 0x0000000100000000)
  eden space 38400K, 100% used [0x00000000eb700000,0x00000000edc80000,0x00000000edc80000)
  from space 43008K, 39% used [0x00000000f0900000,0x00000000f1992f60,0x00000000f3300000)
  to   space 45568K, 0% used [0x00000000edc80000,0x00000000edc80000,0x00000000f0900000)
 ParOldGen       total 199168K, used 126500K [0x00000000c2400000, 0x00000000ce680000, 0x00000000eb700000)
  object space 199168K, 63% used [0x00000000c2400000,0x00000000c9f89048,0x00000000ce680000)
 Metaspace       used 22194K, capacity 22826K, committed 23088K, reserved 1069056K
  class space    used 2341K, capacity 2622K, committed 2688K, reserved 1048576K
Event: 15,673 GC heap after
Heap after GC invocations=17 (full 4):
 PSYoungGen      total 83968K, used 39872K [0x00000000eb700000, 0x00000000f4c80000, 0x0000000100000000)
  eden space 38400K, 0% used [0x00000000eb700000,0x00000000eb700000,0x00000000edc80000)
  from space 45568K, 87% used [0x00000000edc80000,0x00000000f0370000,0x00000000f0900000)
  to   space 50688K, 0% used [0x00000000f1b00000,0x00000000f1b00000,0x00000000f4c80000)
 ParOldGen       total 199168K, used 143548K [0x00000000c2400000, 0x00000000ce680000, 0x00000000eb700000)
  object space 199168K, 72% used [0x00000000c2400000,0x00000000cb02f048,0x00000000ce680000)
 Metaspace       used 22194K, capacity 22826K, committed 23088K, reserved 1069056K
  class space    used 2341K, capacity 2622K, committed 2688K, reserved 1048576K
}
Event: 18,438 GC heap before
{Heap before GC invocations=18 (full 4):
 PSYoungGen      total 83968K, used 78272K [0x00000000eb700000, 0x00000000f4c80000, 0x0000000100000000)
  eden space 38400K, 100% used [0x00000000eb700000,0x00000000edc80000,0x00000000edc80000)
  from space 45568K, 87% used [0x00000000edc80000,0x00000000f0370000,0x00000000f0900000)
  to   space 50688K, 0% used [0x00000000f1b00000,0x00000000f1b00000,0x00000000f4c80000)
 ParOldGen       total 199168K, used 143548K [0x00000000c2400000, 0x00000000ce680000, 0x00000000eb700000)
  object space 199168K, 72% used [0x00000000c2400000,0x00000000cb02f048,0x00000000ce680000)
 Metaspace       used 25695K, capacity 26312K, committed 26752K, reserved 1073152K
  class space    used 2815K, capacity 3077K, committed 3200K, reserved 1048576K
Event: 18,516 GC heap after
Heap after GC invocations=18 (full 4):
 PSYoungGen      total 98304K, used 4507K [0x00000000eb700000, 0x00000000f4a00000, 0x0000000100000000)
  eden space 50176K, 0% used [0x00000000eb700000,0x00000000eb700000,0x00000000ee800000)
  from space 48128K, 9% used [0x00000000f1b00000,0x00000000f1f66e20,0x00000000f4a00000)
  to   space 50176K, 0% used [0x00000000ee800000,0x00000000ee800000,0x00000000f1900000)
 ParOldGen       total 199168K, used 164476K [0x00000000c2400000, 0x00000000ce680000, 0x00000000eb700000)
  object space 199168K, 82% used [0x00000000c2400000,0x00000000cc49f048,0x00000000ce680000)
 Metaspace       used 25695K, capacity 26312K, committed 26752K, reserved 1073152K
  class space    used 2815K, capacity 3077K, committed 3200K, reserved 1048576K
}
Event: 19,392 GC heap before
{Heap before GC invocations=19 (full 4):
 PSYoungGen      total 98304K, used 54683K [0x00000000eb700000, 0x00000000f4a00000, 0x0000000100000000)
  eden space 50176K, 100% used [0x00000000eb700000,0x00000000ee800000,0x00000000ee800000)
  from space 48128K, 9% used [0x00000000f1b00000,0x00000000f1f66e20,0x00000000f4a00000)
  to   space 50176K, 0% used [0x00000000ee800000,0x00000000ee800000,0x00000000f1900000)
 ParOldGen       total 199168K, used 164476K [0x00000000c2400000, 0x00000000ce680000, 0x00000000eb700000)
  object space 199168K, 82% used [0x00000000c2400000,0x00000000cc49f048,0x00000000ce680000)
 Metaspace       used 26437K, capacity 27008K, committed 27264K, reserved 1073152K
  class space    used 2909K, capacity 3179K, committed 3200K, reserved 1048576K
Event: 19,414 GC heap after
Heap after GC invocations=19 (full 4):
 PSYoungGen      total 100352K, used 3769K [0x00000000eb700000, 0x00000000f5600000, 0x0000000100000000)
  eden space 50176K, 0% used [0x00000000eb700000,0x00000000eb700000,0x00000000ee800000)
  from space 50176K, 7% used [0x00000000ee800000,0x00000000eebae490,0x00000000f1900000)
  to   space 49664K, 0% used [0x00000000f2580000,0x00000000f2580000,0x00000000f5600000)
 ParOldGen       total 199168K, used 166170K [0x00000000c2400000, 0x00000000ce680000, 0x00000000eb700000)
  object space 199168K, 83% used [0x00000000c2400000,0x00000000cc646b58,0x00000000ce680000)
 Metaspace       used 26437K, capacity 27008K, committed 27264K, reserved 1073152K
  class space    used 2909K, capacity 3179K, committed 3200K, reserved 1048576K
}
Event: 28,260 GC heap before
{Heap before GC invocations=20 (full 4):
 PSYoungGen      total 100352K, used 53945K [0x00000000eb700000, 0x00000000f5600000, 0x0000000100000000)
  eden space 50176K, 100% used [0x00000000eb700000,0x00000000ee800000,0x00000000ee800000)
  from space 50176K, 7% used [0x00000000ee800000,0x00000000eebae490,0x00000000f1900000)
  to   space 49664K, 0% used [0x00000000f2580000,0x00000000f2580000,0x00000000f5600000)
 ParOldGen       total 199168K, used 166170K [0x00000000c2400000, 0x00000000ce680000, 0x00000000eb700000)
  object space 199168K, 83% used [0x00000000c2400000,0x00000000cc646b58,0x00000000ce680000)
 Metaspace       used 27006K, capacity 27742K, committed 28160K, reserved 1075200K
  class space    used 2919K, capacity 3220K, committed 3328K, reserved 1048576K
Event: 28,275 GC heap after
Heap after GC invocations=20 (full 4):
 PSYoungGen      total 107008K, used 2712K [0x00000000eb700000, 0x00000000f5200000, 0x0000000100000000)
  eden space 61440K, 0% used [0x00000000eb700000,0x00000000eb700000,0x00000000ef300000)
  from space 45568K, 5% used [0x00000000f2580000,0x00000000f28261d8,0x00000000f5200000)
  to   space 48640K, 0% used [0x00000000ef300000,0x00000000ef300000,0x00000000f2280000)
 ParOldGen       total 199168K, used 166178K [0x00000000c2400000, 0x00000000ce680000, 0x00000000eb700000)
  object space 199168K, 83% used [0x00000000c2400000,0x00000000cc648b58,0x00000000ce680000)
 Metaspace       used 27006K, capacity 27742K, committed 28160K, reserved 1075200K
  class space    used 2919K, capacity 3220K, committed 3328K, reserved 1048576K
}

