# JRE version: Java(TM) SE Runtime Environment (8.0_141-b15) (build 1.8.0_141-b15)
# Java VM: Java HotSpot(TM) 64-Bit Server VM (25.141-b15 mixed mode linux-amd64 compressed oops)
Heap:
 PSYoungGen      total 189952K, used 103581K [0x00000000eb700000, 0x00000000f7880000, 0x0000000100000000)
  eden space 181760K, 54% used [0x00000000eb700000,0x00000000f1744fc8,0x00000000f6880000)
  from space 8192K, 61% used [0x00000000f7000000,0x00000000f74e27b8,0x00000000f7800000)
  to   space 7680K, 0% used [0x00000000f6880000,0x00000000f6880000,0x00000000f7000000)
 ParOldGen       total 37376K, used 19380K [0x00000000c2400000, 0x00000000c4880000, 0x00000000eb700000)
  object space 37376K, 51% used [0x00000000c2400000,0x00000000c36ed0a8,0x00000000c4880000)
 Metaspace       used 27645K, capacity 28374K, committed 28672K, reserved 1075200K
  class space    used 2974K, capacity 3262K, committed 3328K, reserved 1048576K
GC Heap History (10 events):
Event: 8,677 GC heap before
{Heap before GC invocations=7 (full 1):
 PSYoungGen      total 66048K, used 66016K [0x00000000eb700000, 0x00000000f0e80000, 0x0000000100000000)
  eden space 63488K, 100% used [0x00000000eb700000,0x00000000ef500000,0x00000000ef500000)
  from space 2560K, 98% used [0x00000000ef500000,0x00000000ef778030,0x00000000ef780000)
  to   space 9216K, 0% used [0x00000000f0580000,0x00000000f0580000,0x00000000f0e80000)
 ParOldGen       total 37376K, used 13632K [0x00000000c2400000, 0x00000000c4880000, 0x00000000eb700000)
  object space 37376K, 36% used [0x00000000c2400000,0x00000000c3150330,0x00000000c4880000)
 Metaspace       used 27066K, capacity 27714K, committed 28160K, reserved 1075200K
  class space    used 2932K, capacity 3238K, committed 3328K, reserved 1048576K
Event: 8,713 GC heap after
Heap after GC invocations=7 (full 1):
 PSYoungGen      total 80384K, used 3700K [0x00000000eb700000, 0x00000000f2c80000, 0x0000000100000000)
  eden space 71168K, 0% used [0x00000000eb700000,0x00000000eb700000,0x00000000efc80000)
  from space 9216K, 40% used [0x00000000f0580000,0x00000000f091d010,0x00000000f0e80000)
  to   space 9216K, 0% used [0x00000000efc80000,0x00000000efc80000,0x00000000f0580000)
 ParOldGen       total 37376K, used 13640K [0x00000000c2400000, 0x00000000c4880000, 0x00000000eb700000)
  object space 37376K, 36% used [0x00000000c2400000,0x00000000c3152330,0x00000000c4880000)
 Metaspace       used 27066K, capacity 27714K, committed 28160K, reserved 1075200K
  class space    used 2932K, capacity 3238K, committed 3328K, reserved 1048576K
}
Event: 9,052 GC heap before
{Heap before GC invocations=8 (full 1):
 PSYoungGen      total 80384K, used 74868K [0x00000000eb700000, 0x00000000f2c80000, 0x0000000100000000)
  eden space 71168K, 100% used [0x00000000eb700000,0x00000000efc80000,0x00000000efc80000)
  from space 9216K, 40% used [0x00000000f0580000,0x00000000f091d010,0x00000000f0e80000)
  to   space 9216K, 0% used [0x00000000efc80000,0x00000000efc80000,0x00000000f0580000)
 ParOldGen       total 37376K, used 13640K [0x00000000c2400000, 0x00000000c4880000, 0x00000000eb700000)
  object space 37376K, 36% used [0x00000000c2400000,0x00000000c3152330,0x00000000c4880000)
 Metaspace       used 27072K, capacity 27714K, committed 28160K, reserved 1075200K
  class space    used 2932K, capacity 3238K, committed 3328K, reserved 1048576K
Event: 9,075 GC heap after
Heap after GC invocations=8 (full 1):
 PSYoungGen      total 80384K, used 5045K [0x00000000eb700000, 0x00000000f3d00000, 0x0000000100000000)
  eden space 71168K, 0% used [0x00000000eb700000,0x00000000eb700000,0x00000000efc80000)
  from space 9216K, 54% used [0x00000000efc80000,0x00000000f016d7f0,0x00000000f0580000)
  to   space 8704K, 0% used [0x00000000f3480000,0x00000000f3480000,0x00000000f3d00000)
 ParOldGen       total 37376K, used 13648K [0x00000000c2400000, 0x00000000c4880000, 0x00000000eb700000)
  object space 37376K, 36% used [0x00000000c2400000,0x00000000c3154330,0x00000000c4880000)
 Metaspace       used 27072K, capacity 27714K, committed 28160K, reserved 1075200K
  class space    used 2932K, capacity 3238K, committed 3328K, reserved 1048576K
}
Event: 9,242 GC heap before
{Heap before GC invocations=9 (full 1):
 PSYoungGen      total 80384K, used 76213K [0x00000000eb700000, 0x00000000f3d00000, 0x0000000100000000)
  eden space 71168K, 100% used [0x00000000eb700000,0x00000000efc80000,0x00000000efc80000)
  from space 9216K, 54% used [0x00000000efc80000,0x00000000f016d7f0,0x00000000f0580000)
  to   space 8704K, 0% used [0x00000000f3480000,0x00000000f3480000,0x00000000f3d00000)
 ParOldGen       total 37376K, used 13648K [0x00000000c2400000, 0x00000000c4880000, 0x00000000eb700000)
  object space 37376K, 36% used [0x00000000c2400000,0x00000000c3154330,0x00000000c4880000)
 Metaspace       used 27076K, capacity 27714K, committed 28160K, reserved 1075200K
  class space    used 2932K, capacity 3238K, committed 3328K, reserved 1048576K
Event: 9,295 GC heap after
Heap after GC invocations=9 (full 1):
 PSYoungGen      total 129024K, used 5696K [0x00000000eb700000, 0x00000000f4780000, 0x0000000100000000)
  eden space 120320K, 0% used [0x00000000eb700000,0x00000000eb700000,0x00000000f2c80000)
  from space 8704K, 65% used [0x00000000f3480000,0x00000000f3a103a8,0x00000000f3d00000)
  to   space 8192K, 0% used [0x00000000f2c80000,0x00000000f2c80000,0x00000000f3480000)
 ParOldGen       total 37376K, used 14248K [0x00000000c2400000, 0x00000000c4880000, 0x00000000eb700000)
  object space 37376K, 38% used [0x00000000c2400000,0x00000000c31ea370,0x00000000c4880000)
 Metaspace       used 27076K, capacity 27714K, committed 28160K, reserved 1075200K
  class space    used 2932K, capacity 3238K, committed 3328K, reserved 1048576K
}
Event: 9,778 GC heap before
{Heap before GC invocations=10 (full 1):
 PSYoungGen      total 129024K, used 126016K [0x00000000eb700000, 0x00000000f4780000, 0x0000000100000000)
  eden space 120320K, 100% used [0x00000000eb700000,0x00000000f2c80000,0x00000000f2c80000)
  from space 8704K, 65% used [0x00000000f3480000,0x00000000f3a103a8,0x00000000f3d00000)
  to   space 8192K, 0% used [0x00000000f2c80000,0x00000000f2c80000,0x00000000f3480000)
 ParOldGen       total 37376K, used 14248K [0x00000000c2400000, 0x00000000c4880000, 0x00000000eb700000)
  object space 37376K, 38% used [0x00000000c2400000,0x00000000c31ea370,0x00000000c4880000)
 Metaspace       used 27080K, capacity 27714K, committed 28160K, reserved 1075200K
  class space    used 2932K, capacity 3238K, committed 3328K, reserved 1048576K
Event: 9,818 GC heap after
Heap after GC invocations=10 (full 1):
 PSYoungGen      total 128512K, used 5041K [0x00000000eb700000, 0x00000000f7800000, 0x0000000100000000)
  eden space 120320K, 0% used [0x00000000eb700000,0x00000000eb700000,0x00000000f2c80000)
  from space 8192K, 61% used [0x00000000f2c80000,0x00000000f316c538,0x00000000f3480000)
  to   space 8192K, 0% used [0x00000000f7000000,0x00000000f7000000,0x00000000f7800000)
 ParOldGen       total 37376K, used 17156K [0x00000000c2400000, 0x00000000c4880000, 0x00000000eb700000)
  object space 37376K, 45% used [0x00000000c2400000,0x00000000c34c10a8,0x00000000c4880000)
 Metaspace       used 27080K, capacity 27714K, committed 28160K, reserved 1075200K
  class space    used 2932K, capacity 3238K, committed 3328K, reserved 1048576K
}
Event: 10,123 GC heap before
{Heap before GC invocations=11 (full 1):
 PSYoungGen      total 128512K, used 125361K [0x00000000eb700000, 0x00000000f7800000, 0x0000000100000000)
  eden space 120320K, 100% used [0x00000000eb700000,0x00000000f2c80000,0x00000000f2c80000)
  from space 8192K, 61% used [0x00000000f2c80000,0x00000000f316c538,0x00000000f3480000)
  to   space 8192K, 0% used [0x00000000f7000000,0x00000000f7000000,0x00000000f7800000)
 ParOldGen       total 37376K, used 17156K [0x00000000c2400000, 0x00000000c4880000, 0x00000000eb700000)
  object space 37376K, 45% used [0x00000000c2400000,0x00000000c34c10a8,0x00000000c4880000)
 Metaspace       used 27096K, capacity 27714K, committed 28160K, reserved 1075200K
  class space    used 2932K, capacity 3238K, committed 3328K, reserved 1048576K
Event: 10,173 GC heap after
Heap after GC invocations=11 (full 1):
 PSYoungGen      total 189952K, used 5001K [0x00000000eb700000, 0x00000000f7880000, 0x0000000100000000)
  eden space 181760K, 0% used [0x00000000eb700000,0x00000000eb700000,0x00000000f6880000)
  from space 8192K, 61% used [0x00000000f7000000,0x00000000f74e27b8,0x00000000f7800000)
  to   space 7680K, 0% used [0x00000000f6880000,0x00000000f6880000,0x00000000f7000000)
 ParOldGen       total 37376K, used 19380K [0x00000000c2400000, 0x00000000c4880000, 0x00000000eb700000)
  object space 37376K, 51% used [0x00000000c2400000,0x00000000c36ed0a8,0x00000000c4880000)
 Metaspace       used 27096K, capacity 27714K, committed 28160K, reserved 1075200K
  class space    used 2932K, capacity 3238K, committed 3328K, reserved 1048576K
}

