# JRE version: Java(TM) SE Runtime Environment (8.0_144-b01) (build 1.8.0_144-b01)
# Java VM: Java HotSpot(TM) 64-Bit Server VM (25.144-b01 mixed mode linux-amd64 compressed oops)
Heap:
 PSYoungGen      total 150016K, used 113638K [0x00000000eb700000, 0x00000000f9680000, 0x0000000100000000)
  eden space 138240K, 79% used [0x00000000eb700000,0x00000000f22ef080,0x00000000f3e00000)
  from space 11776K, 26% used [0x00000000f3e00000,0x00000000f410a798,0x00000000f4980000)
  to   space 11776K, 0% used [0x00000000f8b00000,0x00000000f8b00000,0x00000000f9680000)
 ParOldGen       total 38400K, used 29981K [0x00000000c2400000, 0x00000000c4980000, 0x00000000eb700000)
  object space 38400K, 78% used [0x00000000c2400000,0x00000000c41477a0,0x00000000c4980000)
 Metaspace       used 27809K, capacity 28498K, committed 28672K, reserved 1075200K
  class space    used 2983K, capacity 3302K, committed 3328K, reserved 1048576K
GC Heap History (10 events):
Event: 12,278 GC heap before
{Heap before GC invocations=8 (full 1):
 PSYoungGen      total 67072K, used 59384K [0x00000000eb700000, 0x00000000f0600000, 0x0000000100000000)
  eden space 54272K, 100% used [0x00000000eb700000,0x00000000eec00000,0x00000000eec00000)
  from space 12800K, 39% used [0x00000000ef980000,0x00000000efe7e058,0x00000000f0600000)
  to   space 13312K, 0% used [0x00000000eec00000,0x00000000eec00000,0x00000000ef900000)
 ParOldGen       total 38400K, used 20352K [0x00000000c2400000, 0x00000000c4980000, 0x00000000eb700000)
  object space 38400K, 53% used [0x00000000c2400000,0x00000000c37e0198,0x00000000c4980000)
 Metaspace       used 27033K, capacity 27650K, committed 27904K, reserved 1073152K
  class space    used 2932K, capacity 3240K, committed 3328K, reserved 1048576K
Event: 12,313 GC heap after
Heap after GC invocations=8 (full 1):
 PSYoungGen      total 67584K, used 5795K [0x00000000eb700000, 0x00000000f2b00000, 0x0000000100000000)
  eden space 54272K, 0% used [0x00000000eb700000,0x00000000eb700000,0x00000000eec00000)
  from space 13312K, 43% used [0x00000000eec00000,0x00000000ef1a8e68,0x00000000ef900000)
  to   space 12288K, 0% used [0x00000000f1f00000,0x00000000f1f00000,0x00000000f2b00000)
 ParOldGen       total 38400K, used 20352K [0x00000000c2400000, 0x00000000c4980000, 0x00000000eb700000)
  object space 38400K, 53% used [0x00000000c2400000,0x00000000c37e0198,0x00000000c4980000)
 Metaspace       used 27033K, capacity 27650K, committed 27904K, reserved 1073152K
  class space    used 2932K, capacity 3240K, committed 3328K, reserved 1048576K
}
Event: 12,987 GC heap before
{Heap before GC invocations=9 (full 1):
 PSYoungGen      total 67584K, used 60067K [0x00000000eb700000, 0x00000000f2b00000, 0x0000000100000000)
  eden space 54272K, 100% used [0x00000000eb700000,0x00000000eec00000,0x00000000eec00000)
  from space 13312K, 43% used [0x00000000eec00000,0x00000000ef1a8e68,0x00000000ef900000)
  to   space 12288K, 0% used [0x00000000f1f00000,0x00000000f1f00000,0x00000000f2b00000)
 ParOldGen       total 38400K, used 20352K [0x00000000c2400000, 0x00000000c4980000, 0x00000000eb700000)
  object space 38400K, 53% used [0x00000000c2400000,0x00000000c37e0198,0x00000000c4980000)
 Metaspace       used 27044K, capacity 27650K, committed 27904K, reserved 1073152K
  class space    used 2932K, capacity 3240K, committed 3328K, reserved 1048576K
Event: 13,020 GC heap after
Heap after GC invocations=9 (full 1):
 PSYoungGen      total 107008K, used 5550K [0x00000000eb700000, 0x00000000f2b00000, 0x0000000100000000)
  eden space 94720K, 0% used [0x00000000eb700000,0x00000000eb700000,0x00000000f1380000)
  from space 12288K, 45% used [0x00000000f1f00000,0x00000000f246b9d8,0x00000000f2b00000)
  to   space 11776K, 0% used [0x00000000f1380000,0x00000000f1380000,0x00000000f1f00000)
 ParOldGen       total 38400K, used 21619K [0x00000000c2400000, 0x00000000c4980000, 0x00000000eb700000)
  object space 38400K, 56% used [0x00000000c2400000,0x00000000c391cc88,0x00000000c4980000)
 Metaspace       used 27044K, capacity 27650K, committed 27904K, reserved 1073152K
  class space    used 2932K, capacity 3240K, committed 3328K, reserved 1048576K
}
Event: 13,780 GC heap before
{Heap before GC invocations=10 (full 1):
 PSYoungGen      total 107008K, used 100270K [0x00000000eb700000, 0x00000000f2b00000, 0x0000000100000000)
  eden space 94720K, 100% used [0x00000000eb700000,0x00000000f1380000,0x00000000f1380000)
  from space 12288K, 45% used [0x00000000f1f00000,0x00000000f246b9d8,0x00000000f2b00000)
  to   space 11776K, 0% used [0x00000000f1380000,0x00000000f1380000,0x00000000f1f00000)
 ParOldGen       total 38400K, used 21619K [0x00000000c2400000, 0x00000000c4980000, 0x00000000eb700000)
  object space 38400K, 56% used [0x00000000c2400000,0x00000000c391cc88,0x00000000c4980000)
 Metaspace       used 27067K, capacity 27650K, committed 27904K, reserved 1073152K
  class space    used 2932K, capacity 3240K, committed 3328K, reserved 1048576K
Event: 13,812 GC heap after
Heap after GC invocations=10 (full 1):
 PSYoungGen      total 106496K, used 3680K [0x00000000eb700000, 0x00000000f5500000, 0x0000000100000000)
  eden space 94720K, 0% used [0x00000000eb700000,0x00000000eb700000,0x00000000f1380000)
  from space 11776K, 31% used [0x00000000f1380000,0x00000000f1718388,0x00000000f1f00000)
  to   space 11776K, 0% used [0x00000000f4980000,0x00000000f4980000,0x00000000f5500000)
 ParOldGen       total 38400K, used 25125K [0x00000000c2400000, 0x00000000c4980000, 0x00000000eb700000)
  object space 38400K, 65% used [0x00000000c2400000,0x00000000c3c89780,0x00000000c4980000)
 Metaspace       used 27067K, capacity 27650K, committed 27904K, reserved 1073152K
  class space    used 2932K, capacity 3240K, committed 3328K, reserved 1048576K
}
Event: 14,369 GC heap before
{Heap before GC invocations=11 (full 1):
 PSYoungGen      total 106496K, used 98400K [0x00000000eb700000, 0x00000000f5500000, 0x0000000100000000)
  eden space 94720K, 100% used [0x00000000eb700000,0x00000000f1380000,0x00000000f1380000)
  from space 11776K, 31% used [0x00000000f1380000,0x00000000f1718388,0x00000000f1f00000)
  to   space 11776K, 0% used [0x00000000f4980000,0x00000000f4980000,0x00000000f5500000)
 ParOldGen       total 38400K, used 25125K [0x00000000c2400000, 0x00000000c4980000, 0x00000000eb700000)
  object space 38400K, 65% used [0x00000000c2400000,0x00000000c3c89780,0x00000000c4980000)
 Metaspace       used 27077K, capacity 27714K, committed 28160K, reserved 1075200K
  class space    used 2933K, capacity 3240K, committed 3328K, reserved 1048576K
Event: 14,403 GC heap after
Heap after GC invocations=11 (full 1):
 PSYoungGen      total 150016K, used 3857K [0x00000000eb700000, 0x00000000f5680000, 0x0000000100000000)
  eden space 138240K, 0% used [0x00000000eb700000,0x00000000eb700000,0x00000000f3e00000)
  from space 11776K, 32% used [0x00000000f4980000,0x00000000f4d44538,0x00000000f5500000)
  to   space 11776K, 0% used [0x00000000f3e00000,0x00000000f3e00000,0x00000000f4980000)
 ParOldGen       total 38400K, used 26789K [0x00000000c2400000, 0x00000000c4980000, 0x00000000eb700000)
  object space 38400K, 69% used [0x00000000c2400000,0x00000000c3e29780,0x00000000c4980000)
 Metaspace       used 27077K, capacity 27714K, committed 28160K, reserved 1075200K
  class space    used 2933K, capacity 3240K, committed 3328K, reserved 1048576K
}
Event: 14,973 GC heap before
{Heap before GC invocations=12 (full 1):
 PSYoungGen      total 150016K, used 142097K [0x00000000eb700000, 0x00000000f5680000, 0x0000000100000000)
  eden space 138240K, 100% used [0x00000000eb700000,0x00000000f3e00000,0x00000000f3e00000)
  from space 11776K, 32% used [0x00000000f4980000,0x00000000f4d44538,0x00000000f5500000)
  to   space 11776K, 0% used [0x00000000f3e00000,0x00000000f3e00000,0x00000000f4980000)
 ParOldGen       total 38400K, used 26789K [0x00000000c2400000, 0x00000000c4980000, 0x00000000eb700000)
  object space 38400K, 69% used [0x00000000c2400000,0x00000000c3e29780,0x00000000c4980000)
 Metaspace       used 27083K, capacity 27714K, committed 28160K, reserved 1075200K
  class space    used 2934K, capacity 3240K, committed 3328K, reserved 1048576K
Event: 15,012 GC heap after
Heap after GC invocations=12 (full 1):
 PSYoungGen      total 150016K, used 3113K [0x00000000eb700000, 0x00000000f9680000, 0x0000000100000000)
  eden space 138240K, 0% used [0x00000000eb700000,0x00000000eb700000,0x00000000f3e00000)
  from space 11776K, 26% used [0x00000000f3e00000,0x00000000f410a798,0x00000000f4980000)
  to   space 11776K, 0% used [0x00000000f8b00000,0x00000000f8b00000,0x00000000f9680000)
 ParOldGen       total 38400K, used 29981K [0x00000000c2400000, 0x00000000c4980000, 0x00000000eb700000)
  object space 38400K, 78% used [0x00000000c2400000,0x00000000c41477a0,0x00000000c4980000)
 Metaspace       used 27083K, capacity 27714K, committed 28160K, reserved 1075200K
  class space    used 2934K, capacity 3240K, committed 3328K, reserved 1048576K
}

