# JRE version: Java(TM) SE Runtime Environment (8.0_144-b01) (build 1.8.0_144-b01)
# Java VM: Java HotSpot(TM) 64-Bit Server VM (25.144-b01 mixed mode linux-amd64 compressed oops)
Heap:
 PSYoungGen      total 165888K, used 129882K [0x00000000eb700000, 0x00000000f6200000, 0x0000000100000000)
  eden space 156160K, 82% used [0x00000000eb700000,0x00000000f343ea80,0x00000000f4f80000)
  from space 9728K, 16% used [0x00000000f5880000,0x00000000f5a18000,0x00000000f6200000)
  to   space 9216K, 0% used [0x00000000f4f80000,0x00000000f4f80000,0x00000000f5880000)
 ParOldGen       total 36352K, used 22829K [0x00000000c2400000, 0x00000000c4780000, 0x00000000eb700000)
  object space 36352K, 62% used [0x00000000c2400000,0x00000000c3a4b4e8,0x00000000c4780000)
 Metaspace       used 27684K, capacity 28390K, committed 28672K, reserved 1075200K
  class space    used 2964K, capacity 3254K, committed 3328K, reserved 1048576K
GC Heap History (10 events):
Event: 14,695 GC heap before
{Heap before GC invocations=11 (full 1):
 PSYoungGen      total 53248K, used 48058K [0x00000000eb700000, 0x00000000f0980000, 0x0000000100000000)
  eden space 43520K, 100% used [0x00000000eb700000,0x00000000ee180000,0x00000000ee180000)
  from space 9728K, 46% used [0x00000000ee180000,0x00000000ee5eeb68,0x00000000eeb00000)
  to   space 9216K, 0% used [0x00000000f0080000,0x00000000f0080000,0x00000000f0980000)
 ParOldGen       total 36352K, used 13120K [0x00000000c2400000, 0x00000000c4780000, 0x00000000eb700000)
  object space 36352K, 36% used [0x00000000c2400000,0x00000000c30d0238,0x00000000c4780000)
 Metaspace       used 27080K, capacity 27722K, committed 28160K, reserved 1075200K
  class space    used 2931K, capacity 3240K, committed 3328K, reserved 1048576K
Event: 14,732 GC heap after
Heap after GC invocations=11 (full 1):
 PSYoungGen      total 74752K, used 1625K [0x00000000eb700000, 0x00000000f0b80000, 0x0000000100000000)
  eden space 65536K, 0% used [0x00000000eb700000,0x00000000eb700000,0x00000000ef700000)
  from space 9216K, 17% used [0x00000000f0080000,0x00000000f0216540,0x00000000f0980000)
  to   space 9728K, 0% used [0x00000000ef700000,0x00000000ef700000,0x00000000f0080000)
 ParOldGen       total 36352K, used 16867K [0x00000000c2400000, 0x00000000c4780000, 0x00000000eb700000)
  object space 36352K, 46% used [0x00000000c2400000,0x00000000c3478f90,0x00000000c4780000)
 Metaspace       used 27080K, capacity 27722K, committed 28160K, reserved 1075200K
  class space    used 2931K, capacity 3240K, committed 3328K, reserved 1048576K
}
Event: 15,247 GC heap before
{Heap before GC invocations=12 (full 1):
 PSYoungGen      total 74752K, used 67161K [0x00000000eb700000, 0x00000000f0b80000, 0x0000000100000000)
  eden space 65536K, 100% used [0x00000000eb700000,0x00000000ef700000,0x00000000ef700000)
  from space 9216K, 17% used [0x00000000f0080000,0x00000000f0216540,0x00000000f0980000)
  to   space 9728K, 0% used [0x00000000ef700000,0x00000000ef700000,0x00000000f0080000)
 ParOldGen       total 36352K, used 16867K [0x00000000c2400000, 0x00000000c4780000, 0x00000000eb700000)
  object space 36352K, 46% used [0x00000000c2400000,0x00000000c3478f90,0x00000000c4780000)
 Metaspace       used 27085K, capacity 27722K, committed 28160K, reserved 1075200K
  class space    used 2931K, capacity 3240K, committed 3328K, reserved 1048576K
Event: 15,267 GC heap after
Heap after GC invocations=12 (full 1):
 PSYoungGen      total 75264K, used 1461K [0x00000000eb700000, 0x00000000f2c00000, 0x0000000100000000)
  eden space 65536K, 0% used [0x00000000eb700000,0x00000000eb700000,0x00000000ef700000)
  from space 9728K, 15% used [0x00000000ef700000,0x00000000ef86d7c0,0x00000000f0080000)
  to   space 9728K, 0% used [0x00000000f2280000,0x00000000f2280000,0x00000000f2c00000)
 ParOldGen       total 36352K, used 18219K [0x00000000c2400000, 0x00000000c4780000, 0x00000000eb700000)
  object space 36352K, 50% used [0x00000000c2400000,0x00000000c35caf90,0x00000000c4780000)
 Metaspace       used 27085K, capacity 27722K, committed 28160K, reserved 1075200K
  class space    used 2931K, capacity 3240K, committed 3328K, reserved 1048576K
}
Event: 15,529 GC heap before
{Heap before GC invocations=13 (full 1):
 PSYoungGen      total 75264K, used 66997K [0x00000000eb700000, 0x00000000f2c00000, 0x0000000100000000)
  eden space 65536K, 100% used [0x00000000eb700000,0x00000000ef700000,0x00000000ef700000)
  from space 9728K, 15% used [0x00000000ef700000,0x00000000ef86d7c0,0x00000000f0080000)
  to   space 9728K, 0% used [0x00000000f2280000,0x00000000f2280000,0x00000000f2c00000)
 ParOldGen       total 36352K, used 18219K [0x00000000c2400000, 0x00000000c4780000, 0x00000000eb700000)
  object space 36352K, 50% used [0x00000000c2400000,0x00000000c35caf90,0x00000000c4780000)
 Metaspace       used 27086K, capacity 27722K, committed 28160K, reserved 1075200K
  class space    used 2931K, capacity 3240K, committed 3328K, reserved 1048576K
Event: 15,578 GC heap after
Heap after GC invocations=13 (full 1):
 PSYoungGen      total 110080K, used 1472K [0x00000000eb700000, 0x00000000f2d80000, 0x0000000100000000)
  eden space 100352K, 0% used [0x00000000eb700000,0x00000000eb700000,0x00000000f1900000)
  from space 9728K, 15% used [0x00000000f2280000,0x00000000f23f0368,0x00000000f2c00000)
  to   space 9728K, 0% used [0x00000000f1900000,0x00000000f1900000,0x00000000f2280000)
 ParOldGen       total 36352K, used 19363K [0x00000000c2400000, 0x00000000c4780000, 0x00000000eb700000)
  object space 36352K, 53% used [0x00000000c2400000,0x00000000c36e8fb0,0x00000000c4780000)
 Metaspace       used 27086K, capacity 27722K, committed 28160K, reserved 1075200K
  class space    used 2931K, capacity 3240K, committed 3328K, reserved 1048576K
}
Event: 16,179 GC heap before
{Heap before GC invocations=14 (full 1):
 PSYoungGen      total 110080K, used 101824K [0x00000000eb700000, 0x00000000f2d80000, 0x0000000100000000)
  eden space 100352K, 100% used [0x00000000eb700000,0x00000000f1900000,0x00000000f1900000)
  from space 9728K, 15% used [0x00000000f2280000,0x00000000f23f0368,0x00000000f2c00000)
  to   space 9728K, 0% used [0x00000000f1900000,0x00000000f1900000,0x00000000f2280000)
 ParOldGen       total 36352K, used 19363K [0x00000000c2400000, 0x00000000c4780000, 0x00000000eb700000)
  object space 36352K, 53% used [0x00000000c2400000,0x00000000c36e8fb0,0x00000000c4780000)
 Metaspace       used 27111K, capacity 27786K, committed 28160K, reserved 1075200K
  class space    used 2931K, capacity 3240K, committed 3328K, reserved 1048576K
Event: 16,208 GC heap after
Heap after GC invocations=14 (full 1):
 PSYoungGen      total 110080K, used 2449K [0x00000000eb700000, 0x00000000f6200000, 0x0000000100000000)
  eden space 100352K, 0% used [0x00000000eb700000,0x00000000eb700000,0x00000000f1900000)
  from space 9728K, 25% used [0x00000000f1900000,0x00000000f1b64538,0x00000000f2280000)
  to   space 9728K, 0% used [0x00000000f5880000,0x00000000f5880000,0x00000000f6200000)
 ParOldGen       total 36352K, used 20395K [0x00000000c2400000, 0x00000000c4780000, 0x00000000eb700000)
  object space 36352K, 56% used [0x00000000c2400000,0x00000000c37eafb0,0x00000000c4780000)
 Metaspace       used 27111K, capacity 27786K, committed 28160K, reserved 1075200K
  class space    used 2931K, capacity 3240K, committed 3328K, reserved 1048576K
}
Event: 16,541 GC heap before
{Heap before GC invocations=15 (full 1):
 PSYoungGen      total 110080K, used 102796K [0x00000000eb700000, 0x00000000f6200000, 0x0000000100000000)
  eden space 100352K, 99% used [0x00000000eb700000,0x00000000f18fed90,0x00000000f1900000)
  from space 9728K, 25% used [0x00000000f1900000,0x00000000f1b64538,0x00000000f2280000)
  to   space 9728K, 0% used [0x00000000f5880000,0x00000000f5880000,0x00000000f6200000)
 ParOldGen       total 36352K, used 20395K [0x00000000c2400000, 0x00000000c4780000, 0x00000000eb700000)
  object space 36352K, 56% used [0x00000000c2400000,0x00000000c37eafb0,0x00000000c4780000)
 Metaspace       used 27113K, capacity 27786K, committed 28160K, reserved 1075200K
  class space    used 2931K, capacity 3240K, committed 3328K, reserved 1048576K
Event: 16,596 GC heap after
Heap after GC invocations=15 (full 1):
 PSYoungGen      total 165888K, used 1632K [0x00000000eb700000, 0x00000000f6200000, 0x0000000100000000)
  eden space 156160K, 0% used [0x00000000eb700000,0x00000000eb700000,0x00000000f4f80000)
  from space 9728K, 16% used [0x00000000f5880000,0x00000000f5a18000,0x00000000f6200000)
  to   space 9216K, 0% used [0x00000000f4f80000,0x00000000f4f80000,0x00000000f5880000)
 ParOldGen       total 36352K, used 22829K [0x00000000c2400000, 0x00000000c4780000, 0x00000000eb700000)
  object space 36352K, 62% used [0x00000000c2400000,0x00000000c3a4b4e8,0x00000000c4780000)
 Metaspace       used 27113K, capacity 27786K, committed 28160K, reserved 1075200K
  class space    used 2931K, capacity 3240K, committed 3328K, reserved 1048576K
}

