# JRE version: Java(TM) SE Runtime Environment (8.0_144-b01) (build 1.8.0_144-b01)
# Java VM: Java HotSpot(TM) 64-Bit Server VM (25.144-b01 mixed mode linux-amd64 compressed oops)
Heap:
 PSYoungGen      total 158208K, used 147486K [0x00000000eb700000, 0x00000000f5c00000, 0x0000000100000000)
  eden space 148992K, 94% used [0x00000000eb700000,0x00000000f4103340,0x00000000f4880000)
  from space 9216K, 66% used [0x00000000f5180000,0x00000000f5784538,0x00000000f5a80000)
  to   space 9216K, 0% used [0x00000000f4880000,0x00000000f4880000,0x00000000f5180000)
 ParOldGen       total 38912K, used 17268K [0x00000000c2400000, 0x00000000c4a00000, 0x00000000eb700000)
  object space 38912K, 44% used [0x00000000c2400000,0x00000000c34dd170,0x00000000c4a00000)
 Metaspace       used 27791K, capacity 28448K, committed 28672K, reserved 1075200K
  class space    used 2974K, capacity 3257K, committed 3328K, reserved 1048576K
GC Heap History (10 events):
Event: 9,542 GC heap before
{Heap before GC invocations=7 (full 1):
 PSYoungGen      total 66048K, used 66040K [0x00000000eb700000, 0x00000000f0880000, 0x0000000100000000)
  eden space 63488K, 100% used [0x00000000eb700000,0x00000000ef500000,0x00000000ef500000)
  from space 2560K, 99% used [0x00000000ef500000,0x00000000ef77e1c8,0x00000000ef780000)
  to   space 9216K, 0% used [0x00000000eff80000,0x00000000eff80000,0x00000000f0880000)
 ParOldGen       total 38912K, used 13712K [0x00000000c2400000, 0x00000000c4a00000, 0x00000000eb700000)
  object space 38912K, 35% used [0x00000000c2400000,0x00000000c31643f8,0x00000000c4a00000)
 Metaspace       used 27211K, capacity 27842K, committed 28160K, reserved 1075200K
  class space    used 2938K, capacity 3240K, committed 3328K, reserved 1048576K
Event: 9,562 GC heap after
Heap after GC invocations=7 (full 1):
 PSYoungGen      total 74240K, used 3732K [0x00000000eb700000, 0x00000000f2480000, 0x0000000100000000)
  eden space 65024K, 0% used [0x00000000eb700000,0x00000000eb700000,0x00000000ef680000)
  from space 9216K, 40% used [0x00000000eff80000,0x00000000f0325000,0x00000000f0880000)
  to   space 9216K, 0% used [0x00000000ef680000,0x00000000ef680000,0x00000000eff80000)
 ParOldGen       total 38912K, used 13720K [0x00000000c2400000, 0x00000000c4a00000, 0x00000000eb700000)
  object space 38912K, 35% used [0x00000000c2400000,0x00000000c31663f8,0x00000000c4a00000)
 Metaspace       used 27211K, capacity 27842K, committed 28160K, reserved 1075200K
  class space    used 2938K, capacity 3240K, committed 3328K, reserved 1048576K
}
Event: 9,994 GC heap before
{Heap before GC invocations=8 (full 1):
 PSYoungGen      total 74240K, used 68756K [0x00000000eb700000, 0x00000000f2480000, 0x0000000100000000)
  eden space 65024K, 100% used [0x00000000eb700000,0x00000000ef680000,0x00000000ef680000)
  from space 9216K, 40% used [0x00000000eff80000,0x00000000f0325000,0x00000000f0880000)
  to   space 9216K, 0% used [0x00000000ef680000,0x00000000ef680000,0x00000000eff80000)
 ParOldGen       total 38912K, used 13720K [0x00000000c2400000, 0x00000000c4a00000, 0x00000000eb700000)
  object space 38912K, 35% used [0x00000000c2400000,0x00000000c31663f8,0x00000000c4a00000)
 Metaspace       used 27215K, capacity 27842K, committed 28160K, reserved 1075200K
  class space    used 2938K, capacity 3240K, committed 3328K, reserved 1048576K
Event: 10,016 GC heap after
Heap after GC invocations=8 (full 1):
 PSYoungGen      total 74240K, used 4942K [0x00000000eb700000, 0x00000000f2b80000, 0x0000000100000000)
  eden space 65024K, 0% used [0x00000000eb700000,0x00000000eb700000,0x00000000ef680000)
  from space 9216K, 53% used [0x00000000ef680000,0x00000000efb53988,0x00000000eff80000)
  to   space 8704K, 0% used [0x00000000f2300000,0x00000000f2300000,0x00000000f2b80000)
 ParOldGen       total 38912K, used 13728K [0x00000000c2400000, 0x00000000c4a00000, 0x00000000eb700000)
  object space 38912K, 35% used [0x00000000c2400000,0x00000000c31683f8,0x00000000c4a00000)
 Metaspace       used 27215K, capacity 27842K, committed 28160K, reserved 1075200K
  class space    used 2938K, capacity 3240K, committed 3328K, reserved 1048576K
}
Event: 10,414 GC heap before
{Heap before GC invocations=9 (full 1):
 PSYoungGen      total 74240K, used 69966K [0x00000000eb700000, 0x00000000f2b80000, 0x0000000100000000)
  eden space 65024K, 100% used [0x00000000eb700000,0x00000000ef680000,0x00000000ef680000)
  from space 9216K, 53% used [0x00000000ef680000,0x00000000efb53988,0x00000000eff80000)
  to   space 8704K, 0% used [0x00000000f2300000,0x00000000f2300000,0x00000000f2b80000)
 ParOldGen       total 38912K, used 13728K [0x00000000c2400000, 0x00000000c4a00000, 0x00000000eb700000)
  object space 38912K, 35% used [0x00000000c2400000,0x00000000c31683f8,0x00000000c4a00000)
 Metaspace       used 27223K, capacity 27906K, committed 28160K, reserved 1075200K
  class space    used 2938K, capacity 3240K, committed 3328K, reserved 1048576K
Event: 10,444 GC heap after
Heap after GC invocations=9 (full 1):
 PSYoungGen      total 110592K, used 6112K [0x00000000eb700000, 0x00000000f3100000, 0x0000000100000000)
  eden space 101888K, 0% used [0x00000000eb700000,0x00000000eb700000,0x00000000f1a80000)
  from space 8704K, 70% used [0x00000000f2300000,0x00000000f28f83b8,0x00000000f2b80000)
  to   space 8704K, 0% used [0x00000000f1a80000,0x00000000f1a80000,0x00000000f2300000)
 ParOldGen       total 38912K, used 13728K [0x00000000c2400000, 0x00000000c4a00000, 0x00000000eb700000)
  object space 38912K, 35% used [0x00000000c2400000,0x00000000c31683f8,0x00000000c4a00000)
 Metaspace       used 27223K, capacity 27906K, committed 28160K, reserved 1075200K
  class space    used 2938K, capacity 3240K, committed 3328K, reserved 1048576K
}
Event: 10,742 GC heap before
{Heap before GC invocations=10 (full 1):
 PSYoungGen      total 110592K, used 108000K [0x00000000eb700000, 0x00000000f3100000, 0x0000000100000000)
  eden space 101888K, 100% used [0x00000000eb700000,0x00000000f1a80000,0x00000000f1a80000)
  from space 8704K, 70% used [0x00000000f2300000,0x00000000f28f83b8,0x00000000f2b80000)
  to   space 8704K, 0% used [0x00000000f1a80000,0x00000000f1a80000,0x00000000f2300000)
 ParOldGen       total 38912K, used 13728K [0x00000000c2400000, 0x00000000c4a00000, 0x00000000eb700000)
  object space 38912K, 35% used [0x00000000c2400000,0x00000000c31683f8,0x00000000c4a00000)
 Metaspace       used 27224K, capacity 27906K, committed 28160K, reserved 1075200K
  class space    used 2938K, capacity 3240K, committed 3328K, reserved 1048576K
Event: 10,789 GC heap after
Heap after GC invocations=10 (full 1):
 PSYoungGen      total 110592K, used 7281K [0x00000000eb700000, 0x00000000f5a80000, 0x0000000100000000)
  eden space 101888K, 0% used [0x00000000eb700000,0x00000000eb700000,0x00000000f1a80000)
  from space 8704K, 83% used [0x00000000f1a80000,0x00000000f219c558,0x00000000f2300000)
  to   space 9216K, 0% used [0x00000000f5180000,0x00000000f5180000,0x00000000f5a80000)
 ParOldGen       total 38912K, used 14513K [0x00000000c2400000, 0x00000000c4a00000, 0x00000000eb700000)
  object space 38912K, 37% used [0x00000000c2400000,0x00000000c322c5d0,0x00000000c4a00000)
 Metaspace       used 27224K, capacity 27906K, committed 28160K, reserved 1075200K
  class space    used 2938K, capacity 3240K, committed 3328K, reserved 1048576K
}
Event: 11,073 GC heap before
{Heap before GC invocations=11 (full 1):
 PSYoungGen      total 110592K, used 109169K [0x00000000eb700000, 0x00000000f5a80000, 0x0000000100000000)
  eden space 101888K, 100% used [0x00000000eb700000,0x00000000f1a80000,0x00000000f1a80000)
  from space 8704K, 83% used [0x00000000f1a80000,0x00000000f219c558,0x00000000f2300000)
  to   space 9216K, 0% used [0x00000000f5180000,0x00000000f5180000,0x00000000f5a80000)
 ParOldGen       total 38912K, used 14513K [0x00000000c2400000, 0x00000000c4a00000, 0x00000000eb700000)
  object space 38912K, 37% used [0x00000000c2400000,0x00000000c322c5d0,0x00000000c4a00000)
 Metaspace       used 27238K, capacity 27906K, committed 28160K, reserved 1075200K
  class space    used 2938K, capacity 3240K, committed 3328K, reserved 1048576K
Event: 11,106 GC heap after
Heap after GC invocations=11 (full 1):
 PSYoungGen      total 158208K, used 6161K [0x00000000eb700000, 0x00000000f5c00000, 0x0000000100000000)
  eden space 148992K, 0% used [0x00000000eb700000,0x00000000eb700000,0x00000000f4880000)
  from space 9216K, 66% used [0x00000000f5180000,0x00000000f5784538,0x00000000f5a80000)
  to   space 9216K, 0% used [0x00000000f4880000,0x00000000f4880000,0x00000000f5180000)
 ParOldGen       total 38912K, used 17268K [0x00000000c2400000, 0x00000000c4a00000, 0x00000000eb700000)
  object space 38912K, 44% used [0x00000000c2400000,0x00000000c34dd170,0x00000000c4a00000)
 Metaspace       used 27238K, capacity 27906K, committed 28160K, reserved 1075200K
  class space    used 2938K, capacity 3240K, committed 3328K, reserved 1048576K
}

