# JRE version: Java(TM) SE Runtime Environment (8.0_141-b15) (build 1.8.0_141-b15)
# Java VM: Java HotSpot(TM) 64-Bit Server VM (25.141-b15 mixed mode linux-amd64 compressed oops)
Heap:
 PSYoungGen      total 64512K, used 5728K [0x00000000eb700000, 0x00000000f0580000, 0x0000000100000000)
  eden space 61952K, 5% used [0x00000000eb700000,0x00000000eba1d4b0,0x00000000ef380000)
  from space 2560K, 99% used [0x00000000ef500000,0x00000000ef77acd8,0x00000000ef780000)
  to   space 9216K, 0% used [0x00000000efc80000,0x00000000efc80000,0x00000000f0580000)
 ParOldGen       total 39424K, used 13549K [0x00000000c2400000, 0x00000000c4a80000, 0x00000000eb700000)
  object space 39424K, 34% used [0x00000000c2400000,0x00000000c313b468,0x00000000c4a80000)
 Metaspace       used 27166K, capacity 27866K, committed 28160K, reserved 1075200K
  class space    used 2944K, capacity 3254K, committed 3328K, reserved 1048576K
GC Heap History (10 events):
Event: 1,525 GC heap before
{Heap before GC invocations=2 (full 0):
 PSYoungGen      total 18432K, used 18414K [0x00000000eb700000, 0x00000000edb00000, 0x0000000100000000)
  eden space 15872K, 100% used [0x00000000eb700000,0x00000000ec680000,0x00000000ec680000)
  from space 2560K, 99% used [0x00000000ec680000,0x00000000ec8fb9d8,0x00000000ec900000)
  to   space 2560K, 0% used [0x00000000ed880000,0x00000000ed880000,0x00000000edb00000)
 ParOldGen       total 42496K, used 1190K [0x00000000c2400000, 0x00000000c4d80000, 0x00000000eb700000)
  object space 42496K, 2% used [0x00000000c2400000,0x00000000c2529810,0x00000000c4d80000)
 Metaspace       used 12797K, capacity 13434K, committed 13568K, reserved 1060864K
  class space    used 1452K, capacity 1758K, committed 1792K, reserved 1048576K
Event: 1,539 GC heap after
Heap after GC invocations=2 (full 0):
 PSYoungGen      total 34304K, used 2544K [0x00000000eb700000, 0x00000000edb00000, 0x0000000100000000)
  eden space 31744K, 0% used [0x00000000eb700000,0x00000000eb700000,0x00000000ed600000)
  from space 2560K, 99% used [0x00000000ed880000,0x00000000edafc030,0x00000000edb00000)
  to   space 2560K, 0% used [0x00000000ed600000,0x00000000ed600000,0x00000000ed880000)
 ParOldGen       total 42496K, used 3519K [0x00000000c2400000, 0x00000000c4d80000, 0x00000000eb700000)
  object space 42496K, 8% used [0x00000000c2400000,0x00000000c276fc68,0x00000000c4d80000)
 Metaspace       used 12797K, capacity 13434K, committed 13568K, reserved 1060864K
  class space    used 1452K, capacity 1758K, committed 1792K, reserved 1048576K
}
Event: 2,915 GC heap before
{Heap before GC invocations=3 (full 0):
 PSYoungGen      total 34304K, used 28635K [0x00000000eb700000, 0x00000000edb00000, 0x0000000100000000)
  eden space 31744K, 82% used [0x00000000eb700000,0x00000000ed07afc8,0x00000000ed600000)
  from space 2560K, 99% used [0x00000000ed880000,0x00000000edafc030,0x00000000edb00000)
  to   space 2560K, 0% used [0x00000000ed600000,0x00000000ed600000,0x00000000ed880000)
 ParOldGen       total 42496K, used 3519K [0x00000000c2400000, 0x00000000c4d80000, 0x00000000eb700000)
  object space 42496K, 8% used [0x00000000c2400000,0x00000000c276fc68,0x00000000c4d80000)
 Metaspace       used 20446K, capacity 21044K, committed 21296K, reserved 1069056K
  class space    used 2155K, capacity 2432K, committed 2432K, reserved 1048576K
Event: 2,947 GC heap after
Heap after GC invocations=3 (full 0):
 PSYoungGen      total 34304K, used 2554K [0x00000000eb700000, 0x00000000efa00000, 0x0000000100000000)
  eden space 31744K, 0% used [0x00000000eb700000,0x00000000eb700000,0x00000000ed600000)
  from space 2560K, 99% used [0x00000000ed600000,0x00000000ed87eb98,0x00000000ed880000)
  to   space 2560K, 0% used [0x00000000ef780000,0x00000000ef780000,0x00000000efa00000)
 ParOldGen       total 42496K, used 8943K [0x00000000c2400000, 0x00000000c4d80000, 0x00000000eb700000)
  object space 42496K, 21% used [0x00000000c2400000,0x00000000c2cbbf08,0x00000000c4d80000)
 Metaspace       used 20446K, capacity 21044K, committed 21296K, reserved 1069056K
  class space    used 2155K, capacity 2432K, committed 2432K, reserved 1048576K
}
Event: 2,947 GC heap before
{Heap before GC invocations=4 (full 1):
 PSYoungGen      total 34304K, used 2554K [0x00000000eb700000, 0x00000000efa00000, 0x0000000100000000)
  eden space 31744K, 0% used [0x00000000eb700000,0x00000000eb700000,0x00000000ed600000)
  from space 2560K, 99% used [0x00000000ed600000,0x00000000ed87eb98,0x00000000ed880000)
  to   space 2560K, 0% used [0x00000000ef780000,0x00000000ef780000,0x00000000efa00000)
 ParOldGen       total 42496K, used 8943K [0x00000000c2400000, 0x00000000c4d80000, 0x00000000eb700000)
  object space 42496K, 21% used [0x00000000c2400000,0x00000000c2cbbf08,0x00000000c4d80000)
 Metaspace       used 20446K, capacity 21044K, committed 21296K, reserved 1069056K
  class space    used 2155K, capacity 2432K, committed 2432K, reserved 1048576K
Event: 3,029 GC heap after
Heap after GC invocations=4 (full 1):
 PSYoungGen      total 34304K, used 0K [0x00000000eb700000, 0x00000000efa00000, 0x0000000100000000)
  eden space 31744K, 0% used [0x00000000eb700000,0x00000000eb700000,0x00000000ed600000)
  from space 2560K, 0% used [0x00000000ed600000,0x00000000ed600000,0x00000000ed880000)
  to   space 2560K, 0% used [0x00000000ef780000,0x00000000ef780000,0x00000000efa00000)
 ParOldGen       total 39424K, used 7687K [0x00000000c2400000, 0x00000000c4a80000, 0x00000000eb700000)
  object space 39424K, 19% used [0x00000000c2400000,0x00000000c2b81cd8,0x00000000c4a80000)
 Metaspace       used 20429K, capacity 20970K, committed 21296K, reserved 1069056K
  class space    used 2154K, capacity 2430K, committed 2432K, reserved 1048576K
}
Event: 4,060 GC heap before
{Heap before GC invocations=5 (full 1):
 PSYoungGen      total 34304K, used 31744K [0x00000000eb700000, 0x00000000efa00000, 0x0000000100000000)
  eden space 31744K, 100% used [0x00000000eb700000,0x00000000ed600000,0x00000000ed600000)
  from space 2560K, 0% used [0x00000000ed600000,0x00000000ed600000,0x00000000ed880000)
  to   space 2560K, 0% used [0x00000000ef780000,0x00000000ef780000,0x00000000efa00000)
 ParOldGen       total 39424K, used 7687K [0x00000000c2400000, 0x00000000c4a80000, 0x00000000eb700000)
  object space 39424K, 19% used [0x00000000c2400000,0x00000000c2b81cd8,0x00000000c4a80000)
 Metaspace       used 24641K, capacity 25296K, committed 25472K, reserved 1071104K
  class space    used 2622K, capacity 2911K, committed 2944K, reserved 1048576K
Event: 4,077 GC heap after
Heap after GC invocations=5 (full 1):
 PSYoungGen      total 47104K, used 2540K [0x00000000eb700000, 0x00000000efa00000, 0x0000000100000000)
  eden space 44544K, 0% used [0x00000000eb700000,0x00000000eb700000,0x00000000ee280000)
  from space 2560K, 99% used [0x00000000ef780000,0x00000000ef9fb168,0x00000000efa00000)
  to   space 2560K, 0% used [0x00000000ef500000,0x00000000ef500000,0x00000000ef780000)
 ParOldGen       total 39424K, used 9245K [0x00000000c2400000, 0x00000000c4a80000, 0x00000000eb700000)
  object space 39424K, 23% used [0x00000000c2400000,0x00000000c2d074e8,0x00000000c4a80000)
 Metaspace       used 24641K, capacity 25296K, committed 25472K, reserved 1071104K
  class space    used 2622K, capacity 2911K, committed 2944K, reserved 1048576K
}
Event: 6,438 GC heap before
{Heap before GC invocations=6 (full 1):
 PSYoungGen      total 47104K, used 47084K [0x00000000eb700000, 0x00000000efa00000, 0x0000000100000000)
  eden space 44544K, 100% used [0x00000000eb700000,0x00000000ee280000,0x00000000ee280000)
  from space 2560K, 99% used [0x00000000ef780000,0x00000000ef9fb168,0x00000000efa00000)
  to   space 2560K, 0% used [0x00000000ef500000,0x00000000ef500000,0x00000000ef780000)
 ParOldGen       total 39424K, used 9245K [0x00000000c2400000, 0x00000000c4a80000, 0x00000000eb700000)
  object space 39424K, 23% used [0x00000000c2400000,0x00000000c2d074e8,0x00000000c4a80000)
 Metaspace       used 27046K, capacity 27778K, committed 28160K, reserved 1075200K
  class space    used 2941K, capacity 3252K, committed 3328K, reserved 1048576K
Event: 6,466 GC heap after
Heap after GC invocations=6 (full 1):
 PSYoungGen      total 64512K, used 2539K [0x00000000eb700000, 0x00000000f0580000, 0x0000000100000000)
  eden space 61952K, 0% used [0x00000000eb700000,0x00000000eb700000,0x00000000ef380000)
  from space 2560K, 99% used [0x00000000ef500000,0x00000000ef77acd8,0x00000000ef780000)
  to   space 9216K, 0% used [0x00000000efc80000,0x00000000efc80000,0x00000000f0580000)
 ParOldGen       total 39424K, used 13549K [0x00000000c2400000, 0x00000000c4a80000, 0x00000000eb700000)
  object space 39424K, 34% used [0x00000000c2400000,0x00000000c313b468,0x00000000c4a80000)
 Metaspace       used 27046K, capacity 27778K, committed 28160K, reserved 1075200K
  class space    used 2941K, capacity 3252K, committed 3328K, reserved 1048576K
}

