# JRE version: Java(TM) SE Runtime Environment (8.0_144-b01) (build 1.8.0_144-b01)
# Java VM: Java HotSpot(TM) 64-Bit Server VM (25.144-b01 mixed mode linux-amd64 compressed oops)
Heap:
 PSYoungGen      total 177664K, used 77157K [0x00000000eb700000, 0x00000000f7c80000, 0x0000000100000000)
  eden space 166400K, 46% used [0x00000000eb700000,0x00000000f0259658,0x00000000f5980000)
  from space 11264K, 0% used [0x00000000f6900000,0x00000000f6900000,0x00000000f7400000)
  to   space 15872K, 0% used [0x00000000f5980000,0x00000000f5980000,0x00000000f6900000)
 ParOldGen       total 78336K, used 35963K [0x00000000c2400000, 0x00000000c7080000, 0x00000000eb700000)
  object space 78336K, 45% used [0x00000000c2400000,0x00000000c471ed10,0x00000000c7080000)
 Metaspace       used 28147K, capacity 28960K, committed 29184K, reserved 1075200K
  class space    used 2985K, capacity 3307K, committed 3328K, reserved 1048576K
GC Heap History (10 events):
Event: 7,773 GC heap before
{Heap before GC invocations=12 (full 1):
 PSYoungGen      total 98816K, used 90592K [0x00000000eb700000, 0x00000000f2400000, 0x0000000100000000)
  eden space 88064K, 100% used [0x00000000eb700000,0x00000000f0d00000,0x00000000f0d00000)
  from space 10752K, 23% used [0x00000000f1800000,0x00000000f1a78388,0x00000000f2280000)
  to   space 11264K, 0% used [0x00000000f0d00000,0x00000000f0d00000,0x00000000f1800000)
 ParOldGen       total 36864K, used 22331K [0x00000000c2400000, 0x00000000c4800000, 0x00000000eb700000)
  object space 36864K, 60% used [0x00000000c2400000,0x00000000c39cefe0,0x00000000c4800000)
 Metaspace       used 27216K, capacity 27902K, committed 28160K, reserved 1075200K
  class space    used 2931K, capacity 3240K, committed 3328K, reserved 1048576K
Event: 7,797 GC heap after
Heap after GC invocations=12 (full 1):
 PSYoungGen      total 99328K, used 2289K [0x00000000eb700000, 0x00000000f4500000, 0x0000000100000000)
  eden space 88064K, 0% used [0x00000000eb700000,0x00000000eb700000,0x00000000f0d00000)
  from space 11264K, 20% used [0x00000000f0d00000,0x00000000f0f3c538,0x00000000f1800000)
  to   space 11264K, 0% used [0x00000000f3a00000,0x00000000f3a00000,0x00000000f4500000)
 ParOldGen       total 36864K, used 24323K [0x00000000c2400000, 0x00000000c4800000, 0x00000000eb700000)
  object space 36864K, 65% used [0x00000000c2400000,0x00000000c3bc0fe0,0x00000000c4800000)
 Metaspace       used 27216K, capacity 27902K, committed 28160K, reserved 1075200K
  class space    used 2931K, capacity 3240K, committed 3328K, reserved 1048576K
}
Event: 8,075 GC heap before
{Heap before GC invocations=13 (full 1):
 PSYoungGen      total 99328K, used 90353K [0x00000000eb700000, 0x00000000f4500000, 0x0000000100000000)
  eden space 88064K, 100% used [0x00000000eb700000,0x00000000f0d00000,0x00000000f0d00000)
  from space 11264K, 20% used [0x00000000f0d00000,0x00000000f0f3c538,0x00000000f1800000)
  to   space 11264K, 0% used [0x00000000f3a00000,0x00000000f3a00000,0x00000000f4500000)
 ParOldGen       total 36864K, used 24323K [0x00000000c2400000, 0x00000000c4800000, 0x00000000eb700000)
  object space 36864K, 65% used [0x00000000c2400000,0x00000000c3bc0fe0,0x00000000c4800000)
 Metaspace       used 27218K, capacity 27902K, committed 28160K, reserved 1075200K
  class space    used 2931K, capacity 3240K, committed 3328K, reserved 1048576K
Event: 8,090 GC heap after
Heap after GC invocations=13 (full 1):
 PSYoungGen      total 134144K, used 1440K [0x00000000eb700000, 0x00000000f4500000, 0x0000000100000000)
  eden space 122880K, 0% used [0x00000000eb700000,0x00000000eb700000,0x00000000f2f00000)
  from space 11264K, 12% used [0x00000000f3a00000,0x00000000f3b68000,0x00000000f4500000)
  to   space 11264K, 0% used [0x00000000f2f00000,0x00000000f2f00000,0x00000000f3a00000)
 ParOldGen       total 36864K, used 26597K [0x00000000c2400000, 0x00000000c4800000, 0x00000000eb700000)
  object space 36864K, 72% used [0x00000000c2400000,0x00000000c3df9518,0x00000000c4800000)
 Metaspace       used 27218K, capacity 27902K, committed 28160K, reserved 1075200K
  class space    used 2931K, capacity 3240K, committed 3328K, reserved 1048576K
}
Event: 8,680 GC heap before
{Heap before GC invocations=14 (full 1):
 PSYoungGen      total 134144K, used 124320K [0x00000000eb700000, 0x00000000f4500000, 0x0000000100000000)
  eden space 122880K, 100% used [0x00000000eb700000,0x00000000f2f00000,0x00000000f2f00000)
  from space 11264K, 12% used [0x00000000f3a00000,0x00000000f3b68000,0x00000000f4500000)
  to   space 11264K, 0% used [0x00000000f2f00000,0x00000000f2f00000,0x00000000f3a00000)
 ParOldGen       total 36864K, used 26597K [0x00000000c2400000, 0x00000000c4800000, 0x00000000eb700000)
  object space 36864K, 72% used [0x00000000c2400000,0x00000000c3df9518,0x00000000c4800000)
 Metaspace       used 27531K, capacity 28186K, committed 28672K, reserved 1075200K
  class space    used 2954K, capacity 3246K, committed 3328K, reserved 1048576K
Event: 8,712 GC heap after
Heap after GC invocations=14 (full 1):
 PSYoungGen      total 134144K, used 6029K [0x00000000eb700000, 0x00000000f7400000, 0x0000000100000000)
  eden space 122880K, 0% used [0x00000000eb700000,0x00000000eb700000,0x00000000f2f00000)
  from space 11264K, 53% used [0x00000000f2f00000,0x00000000f34e3788,0x00000000f3a00000)
  to   space 11264K, 0% used [0x00000000f6900000,0x00000000f6900000,0x00000000f7400000)
 ParOldGen       total 36864K, used 28021K [0x00000000c2400000, 0x00000000c4800000, 0x00000000eb700000)
  object space 36864K, 76% used [0x00000000c2400000,0x00000000c3f5d518,0x00000000c4800000)
 Metaspace       used 27531K, capacity 28186K, committed 28672K, reserved 1075200K
  class space    used 2954K, capacity 3246K, committed 3328K, reserved 1048576K
}
Event: 10,618 GC heap before
{Heap before GC invocations=15 (full 1):
 PSYoungGen      total 134144K, used 128909K [0x00000000eb700000, 0x00000000f7400000, 0x0000000100000000)
  eden space 122880K, 100% used [0x00000000eb700000,0x00000000f2f00000,0x00000000f2f00000)
  from space 11264K, 53% used [0x00000000f2f00000,0x00000000f34e3788,0x00000000f3a00000)
  to   space 11264K, 0% used [0x00000000f6900000,0x00000000f6900000,0x00000000f7400000)
 ParOldGen       total 36864K, used 28021K [0x00000000c2400000, 0x00000000c4800000, 0x00000000eb700000)
  object space 36864K, 76% used [0x00000000c2400000,0x00000000c3f5d518,0x00000000c4800000)
 Metaspace       used 27763K, capacity 28496K, committed 28672K, reserved 1075200K
  class space    used 2975K, capacity 3269K, committed 3328K, reserved 1048576K
Event: 10,699 GC heap after
Heap after GC invocations=15 (full 1):
 PSYoungGen      total 177664K, used 11232K [0x00000000eb700000, 0x00000000f7c80000, 0x0000000100000000)
  eden space 166400K, 0% used [0x00000000eb700000,0x00000000eb700000,0x00000000f5980000)
  from space 11264K, 99% used [0x00000000f6900000,0x00000000f73f8020,0x00000000f7400000)
  to   space 15872K, 0% used [0x00000000f5980000,0x00000000f5980000,0x00000000f6900000)
 ParOldGen       total 36864K, used 36783K [0x00000000c2400000, 0x00000000c4800000, 0x00000000eb700000)
  object space 36864K, 99% used [0x00000000c2400000,0x00000000c47ebc90,0x00000000c4800000)
 Metaspace       used 27763K, capacity 28496K, committed 28672K, reserved 1075200K
  class space    used 2975K, capacity 3269K, committed 3328K, reserved 1048576K
}
Event: 10,699 GC heap before
{Heap before GC invocations=16 (full 2):
 PSYoungGen      total 177664K, used 11232K [0x00000000eb700000, 0x00000000f7c80000, 0x0000000100000000)
  eden space 166400K, 0% used [0x00000000eb700000,0x00000000eb700000,0x00000000f5980000)
  from space 11264K, 99% used [0x00000000f6900000,0x00000000f73f8020,0x00000000f7400000)
  to   space 15872K, 0% used [0x00000000f5980000,0x00000000f5980000,0x00000000f6900000)
 ParOldGen       total 36864K, used 36783K [0x00000000c2400000, 0x00000000c4800000, 0x00000000eb700000)
  object space 36864K, 99% used [0x00000000c2400000,0x00000000c47ebc90,0x00000000c4800000)
 Metaspace       used 27763K, capacity 28496K, committed 28672K, reserved 1075200K
  class space    used 2975K, capacity 3269K, committed 3328K, reserved 1048576K
Event: 11,000 GC heap after
Heap after GC invocations=16 (full 2):
 PSYoungGen      total 177664K, used 0K [0x00000000eb700000, 0x00000000f7c80000, 0x0000000100000000)
  eden space 166400K, 0% used [0x00000000eb700000,0x00000000eb700000,0x00000000f5980000)
  from space 11264K, 0% used [0x00000000f6900000,0x00000000f6900000,0x00000000f7400000)
  to   space 15872K, 0% used [0x00000000f5980000,0x00000000f5980000,0x00000000f6900000)
 ParOldGen       total 78336K, used 35963K [0x00000000c2400000, 0x00000000c7080000, 0x00000000eb700000)
  object space 78336K, 45% used [0x00000000c2400000,0x00000000c471ed10,0x00000000c7080000)
 Metaspace       used 27763K, capacity 28496K, committed 28672K, reserved 1075200K
  class space    used 2975K, capacity 3269K, committed 3328K, reserved 1048576K
}

