# JRE version: Java(TM) SE Runtime Environment (8.0_144-b01) (build 1.8.0_144-b01)
# Java VM: Java HotSpot(TM) 64-Bit Server VM (25.144-b01 mixed mode linux-amd64 compressed oops)
Heap:
 PSYoungGen      total 154112K, used 119913K [0x00000000eb700000, 0x00000000f5600000, 0x0000000100000000)
  eden space 144896K, 80% used [0x00000000eb700000,0x00000000f288ed38,0x00000000f4480000)
  from space 9216K, 39% used [0x00000000f4d00000,0x00000000f508b778,0x00000000f5600000)
  to   space 8704K, 0% used [0x00000000f4480000,0x00000000f4480000,0x00000000f4d00000)
 ParOldGen       total 37888K, used 23144K [0x00000000c2400000, 0x00000000c4900000, 0x00000000eb700000)
  object space 37888K, 61% used [0x00000000c2400000,0x00000000c3a9a3f8,0x00000000c4900000)
 Metaspace       used 27955K, capacity 28744K, committed 28928K, reserved 1075200K
  class space    used 2977K, capacity 3273K, committed 3328K, reserved 1048576K
GC Heap History (10 events):
Event: 11,803 GC heap before
{Heap before GC invocations=13 (full 1):
 PSYoungGen      total 56320K, used 50993K [0x00000000eb700000, 0x00000000f0a80000, 0x0000000100000000)
  eden space 47104K, 100% used [0x00000000eb700000,0x00000000ee500000,0x00000000ee500000)
  from space 9216K, 42% used [0x00000000ee500000,0x00000000ee8cc708,0x00000000eee00000)
  to   space 8704K, 0% used [0x00000000f0200000,0x00000000f0200000,0x00000000f0a80000)
 ParOldGen       total 37888K, used 14191K [0x00000000c2400000, 0x00000000c4900000, 0x00000000eb700000)
  object space 37888K, 37% used [0x00000000c2400000,0x00000000c31dbcf8,0x00000000c4900000)
 Metaspace       used 27120K, capacity 27842K, committed 28160K, reserved 1075200K
  class space    used 2926K, capacity 3240K, committed 3328K, reserved 1048576K
Event: 11,862 GC heap after
Heap after GC invocations=13 (full 1):
 PSYoungGen      total 76288K, used 2389K [0x00000000eb700000, 0x00000000f0c00000, 0x0000000100000000)
  eden space 67584K, 0% used [0x00000000eb700000,0x00000000eb700000,0x00000000ef900000)
  from space 8704K, 27% used [0x00000000f0200000,0x00000000f04557c0,0x00000000f0a80000)
  to   space 9216K, 0% used [0x00000000ef900000,0x00000000ef900000,0x00000000f0200000)
 ParOldGen       total 37888K, used 16599K [0x00000000c2400000, 0x00000000c4900000, 0x00000000eb700000)
  object space 37888K, 43% used [0x00000000c2400000,0x00000000c3435ec0,0x00000000c4900000)
 Metaspace       used 27120K, capacity 27842K, committed 28160K, reserved 1075200K
  class space    used 2926K, capacity 3240K, committed 3328K, reserved 1048576K
}
Event: 12,676 GC heap before
{Heap before GC invocations=14 (full 1):
 PSYoungGen      total 76288K, used 69973K [0x00000000eb700000, 0x00000000f0c00000, 0x0000000100000000)
  eden space 67584K, 100% used [0x00000000eb700000,0x00000000ef900000,0x00000000ef900000)
  from space 8704K, 27% used [0x00000000f0200000,0x00000000f04557c0,0x00000000f0a80000)
  to   space 9216K, 0% used [0x00000000ef900000,0x00000000ef900000,0x00000000f0200000)
 ParOldGen       total 37888K, used 16599K [0x00000000c2400000, 0x00000000c4900000, 0x00000000eb700000)
  object space 37888K, 43% used [0x00000000c2400000,0x00000000c3435ec0,0x00000000c4900000)
 Metaspace       used 27125K, capacity 27842K, committed 28160K, reserved 1075200K
  class space    used 2926K, capacity 3240K, committed 3328K, reserved 1048576K
Event: 12,754 GC heap after
Heap after GC invocations=14 (full 1):
 PSYoungGen      total 76800K, used 2368K [0x00000000eb700000, 0x00000000f2a00000, 0x0000000100000000)
  eden space 67584K, 0% used [0x00000000eb700000,0x00000000eb700000,0x00000000ef900000)
  from space 9216K, 25% used [0x00000000ef900000,0x00000000efb50388,0x00000000f0200000)
  to   space 9216K, 0% used [0x00000000f2100000,0x00000000f2100000,0x00000000f2a00000)
 ParOldGen       total 37888K, used 17831K [0x00000000c2400000, 0x00000000c4900000, 0x00000000eb700000)
  object space 37888K, 47% used [0x00000000c2400000,0x00000000c3569ec0,0x00000000c4900000)
 Metaspace       used 27125K, capacity 27842K, committed 28160K, reserved 1075200K
  class space    used 2926K, capacity 3240K, committed 3328K, reserved 1048576K
}
Event: 13,511 GC heap before
{Heap before GC invocations=15 (full 1):
 PSYoungGen      total 76800K, used 69952K [0x00000000eb700000, 0x00000000f2a00000, 0x0000000100000000)
  eden space 67584K, 100% used [0x00000000eb700000,0x00000000ef900000,0x00000000ef900000)
  from space 9216K, 25% used [0x00000000ef900000,0x00000000efb50388,0x00000000f0200000)
  to   space 9216K, 0% used [0x00000000f2100000,0x00000000f2100000,0x00000000f2a00000)
 ParOldGen       total 37888K, used 17831K [0x00000000c2400000, 0x00000000c4900000, 0x00000000eb700000)
  object space 37888K, 47% used [0x00000000c2400000,0x00000000c3569ec0,0x00000000c4900000)
 Metaspace       used 27140K, capacity 27842K, committed 28160K, reserved 1075200K
  class space    used 2927K, capacity 3240K, committed 3328K, reserved 1048576K
Event: 13,561 GC heap after
Heap after GC invocations=15 (full 1):
 PSYoungGen      total 108544K, used 1937K [0x00000000eb700000, 0x00000000f2a00000, 0x0000000100000000)
  eden space 99328K, 0% used [0x00000000eb700000,0x00000000eb700000,0x00000000f1800000)
  from space 9216K, 21% used [0x00000000f2100000,0x00000000f22e4538,0x00000000f2a00000)
  to   space 9216K, 0% used [0x00000000f1800000,0x00000000f1800000,0x00000000f2100000)
 ParOldGen       total 37888K, used 19631K [0x00000000c2400000, 0x00000000c4900000, 0x00000000eb700000)
  object space 37888K, 51% used [0x00000000c2400000,0x00000000c372bec0,0x00000000c4900000)
 Metaspace       used 27140K, capacity 27842K, committed 28160K, reserved 1075200K
  class space    used 2927K, capacity 3240K, committed 3328K, reserved 1048576K
}
Event: 14,559 GC heap before
{Heap before GC invocations=16 (full 1):
 PSYoungGen      total 108544K, used 101265K [0x00000000eb700000, 0x00000000f2a00000, 0x0000000100000000)
  eden space 99328K, 100% used [0x00000000eb700000,0x00000000f1800000,0x00000000f1800000)
  from space 9216K, 21% used [0x00000000f2100000,0x00000000f22e4538,0x00000000f2a00000)
  to   space 9216K, 0% used [0x00000000f1800000,0x00000000f1800000,0x00000000f2100000)
 ParOldGen       total 37888K, used 19631K [0x00000000c2400000, 0x00000000c4900000, 0x00000000eb700000)
  object space 37888K, 51% used [0x00000000c2400000,0x00000000c372bec0,0x00000000c4900000)
 Metaspace       used 27198K, capacity 27906K, committed 28160K, reserved 1075200K
  class space    used 2927K, capacity 3240K, committed 3328K, reserved 1048576K
Event: 14,608 GC heap after
Heap after GC invocations=16 (full 1):
 PSYoungGen      total 108544K, used 1600K [0x00000000eb700000, 0x00000000f5600000, 0x0000000100000000)
  eden space 99328K, 0% used [0x00000000eb700000,0x00000000eb700000,0x00000000f1800000)
  from space 9216K, 17% used [0x00000000f1800000,0x00000000f1990000,0x00000000f2100000)
  to   space 9216K, 0% used [0x00000000f4d00000,0x00000000f4d00000,0x00000000f5600000)
 ParOldGen       total 37888K, used 21560K [0x00000000c2400000, 0x00000000c4900000, 0x00000000eb700000)
  object space 37888K, 56% used [0x00000000c2400000,0x00000000c390e3f8,0x00000000c4900000)
 Metaspace       used 27198K, capacity 27906K, committed 28160K, reserved 1075200K
  class space    used 2927K, capacity 3240K, committed 3328K, reserved 1048576K
}
Event: 15,661 GC heap before
{Heap before GC invocations=17 (full 1):
 PSYoungGen      total 108544K, used 100928K [0x00000000eb700000, 0x00000000f5600000, 0x0000000100000000)
  eden space 99328K, 100% used [0x00000000eb700000,0x00000000f1800000,0x00000000f1800000)
  from space 9216K, 17% used [0x00000000f1800000,0x00000000f1990000,0x00000000f2100000)
  to   space 9216K, 0% used [0x00000000f4d00000,0x00000000f4d00000,0x00000000f5600000)
 ParOldGen       total 37888K, used 21560K [0x00000000c2400000, 0x00000000c4900000, 0x00000000eb700000)
  object space 37888K, 56% used [0x00000000c2400000,0x00000000c390e3f8,0x00000000c4900000)
 Metaspace       used 27492K, capacity 28190K, committed 28672K, reserved 1075200K
  class space    used 2949K, capacity 3246K, committed 3328K, reserved 1048576K
Event: 15,748 GC heap after
Heap after GC invocations=17 (full 1):
 PSYoungGen      total 154112K, used 3629K [0x00000000eb700000, 0x00000000f5600000, 0x0000000100000000)
  eden space 144896K, 0% used [0x00000000eb700000,0x00000000eb700000,0x00000000f4480000)
  from space 9216K, 39% used [0x00000000f4d00000,0x00000000f508b778,0x00000000f5600000)
  to   space 8704K, 0% used [0x00000000f4480000,0x00000000f4480000,0x00000000f4d00000)
 ParOldGen       total 37888K, used 23144K [0x00000000c2400000, 0x00000000c4900000, 0x00000000eb700000)
  object space 37888K, 61% used [0x00000000c2400000,0x00000000c3a9a3f8,0x00000000c4900000)
 Metaspace       used 27492K, capacity 28190K, committed 28672K, reserved 1075200K
  class space    used 2949K, capacity 3246K, committed 3328K, reserved 1048576K
}

