# JRE version: Java(TM) SE Runtime Environment (8.0_144-b01) (build 1.8.0_144-b01)
# Java VM: Java HotSpot(TM) 64-Bit Server VM (25.144-b01 mixed mode linux-amd64 compressed oops)
Heap:
 PSYoungGen      total 64000K, used 60273K [0x00000000eb700000, 0x00000000f0300000, 0x0000000100000000)
  eden space 61440K, 93% used [0x00000000eb700000,0x00000000eef62860,0x00000000ef300000)
  from space 2560K, 99% used [0x00000000ef500000,0x00000000ef779e58,0x00000000ef780000)
  to   space 8192K, 0% used [0x00000000efb00000,0x00000000efb00000,0x00000000f0300000)
 ParOldGen       total 39424K, used 10795K [0x00000000c2400000, 0x00000000c4a80000, 0x00000000eb700000)
  object space 39424K, 27% used [0x00000000c2400000,0x00000000c2e8aeb8,0x00000000c4a80000)
 Metaspace       used 27067K, capacity 27746K, committed 28160K, reserved 1075200K
  class space    used 2915K, capacity 3218K, committed 3328K, reserved 1048576K
GC Heap History (10 events):
Event: 1,722 GC heap before
{Heap before GC invocations=2 (full 0):
 PSYoungGen      total 18432K, used 18422K [0x00000000eb700000, 0x00000000edb00000, 0x0000000100000000)
  eden space 15872K, 100% used [0x00000000eb700000,0x00000000ec680000,0x00000000ec680000)
  from space 2560K, 99% used [0x00000000ec680000,0x00000000ec8fda60,0x00000000ec900000)
  to   space 2560K, 0% used [0x00000000ed880000,0x00000000ed880000,0x00000000edb00000)
 ParOldGen       total 42496K, used 1232K [0x00000000c2400000, 0x00000000c4d80000, 0x00000000eb700000)
  object space 42496K, 2% used [0x00000000c2400000,0x00000000c25340b0,0x00000000c4d80000)
 Metaspace       used 13161K, capacity 13688K, committed 13824K, reserved 1060864K
  class space    used 1495K, capacity 1757K, committed 1792K, reserved 1048576K
Event: 1,735 GC heap after
Heap after GC invocations=2 (full 0):
 PSYoungGen      total 34304K, used 2544K [0x00000000eb700000, 0x00000000edb00000, 0x0000000100000000)
  eden space 31744K, 0% used [0x00000000eb700000,0x00000000eb700000,0x00000000ed600000)
  from space 2560K, 99% used [0x00000000ed880000,0x00000000edafc010,0x00000000edb00000)
  to   space 2560K, 0% used [0x00000000ed600000,0x00000000ed600000,0x00000000ed880000)
 ParOldGen       total 42496K, used 3688K [0x00000000c2400000, 0x00000000c4d80000, 0x00000000eb700000)
  object space 42496K, 8% used [0x00000000c2400000,0x00000000c279a2d8,0x00000000c4d80000)
 Metaspace       used 13161K, capacity 13688K, committed 13824K, reserved 1060864K
  class space    used 1495K, capacity 1757K, committed 1792K, reserved 1048576K
}
Event: 3,117 GC heap before
{Heap before GC invocations=3 (full 0):
 PSYoungGen      total 34304K, used 27182K [0x00000000eb700000, 0x00000000edb00000, 0x0000000100000000)
  eden space 31744K, 77% used [0x00000000eb700000,0x00000000ecf0fbc0,0x00000000ed600000)
  from space 2560K, 99% used [0x00000000ed880000,0x00000000edafc010,0x00000000edb00000)
  to   space 2560K, 0% used [0x00000000ed600000,0x00000000ed600000,0x00000000ed880000)
 ParOldGen       total 42496K, used 3688K [0x00000000c2400000, 0x00000000c4d80000, 0x00000000eb700000)
  object space 42496K, 8% used [0x00000000c2400000,0x00000000c279a2d8,0x00000000c4d80000)
 Metaspace       used 20424K, capacity 21036K, committed 21296K, reserved 1069056K
  class space    used 2163K, capacity 2430K, committed 2432K, reserved 1048576K
Event: 3,161 GC heap after
Heap after GC invocations=3 (full 0):
 PSYoungGen      total 34304K, used 2544K [0x00000000eb700000, 0x00000000efa00000, 0x0000000100000000)
  eden space 31744K, 0% used [0x00000000eb700000,0x00000000eb700000,0x00000000ed600000)
  from space 2560K, 99% used [0x00000000ed600000,0x00000000ed87c010,0x00000000ed880000)
  to   space 2560K, 0% used [0x00000000ef780000,0x00000000ef780000,0x00000000efa00000)
 ParOldGen       total 42496K, used 8932K [0x00000000c2400000, 0x00000000c4d80000, 0x00000000eb700000)
  object space 42496K, 21% used [0x00000000c2400000,0x00000000c2cb9230,0x00000000c4d80000)
 Metaspace       used 20424K, capacity 21036K, committed 21296K, reserved 1069056K
  class space    used 2163K, capacity 2430K, committed 2432K, reserved 1048576K
}
Event: 3,162 GC heap before
{Heap before GC invocations=4 (full 1):
 PSYoungGen      total 34304K, used 2544K [0x00000000eb700000, 0x00000000efa00000, 0x0000000100000000)
  eden space 31744K, 0% used [0x00000000eb700000,0x00000000eb700000,0x00000000ed600000)
  from space 2560K, 99% used [0x00000000ed600000,0x00000000ed87c010,0x00000000ed880000)
  to   space 2560K, 0% used [0x00000000ef780000,0x00000000ef780000,0x00000000efa00000)
 ParOldGen       total 42496K, used 8932K [0x00000000c2400000, 0x00000000c4d80000, 0x00000000eb700000)
  object space 42496K, 21% used [0x00000000c2400000,0x00000000c2cb9230,0x00000000c4d80000)
 Metaspace       used 20424K, capacity 21036K, committed 21296K, reserved 1069056K
  class space    used 2163K, capacity 2430K, committed 2432K, reserved 1048576K
Event: 3,252 GC heap after
Heap after GC invocations=4 (full 1):
 PSYoungGen      total 34304K, used 0K [0x00000000eb700000, 0x00000000efa00000, 0x0000000100000000)
  eden space 31744K, 0% used [0x00000000eb700000,0x00000000eb700000,0x00000000ed600000)
  from space 2560K, 0% used [0x00000000ed600000,0x00000000ed600000,0x00000000ed880000)
  to   space 2560K, 0% used [0x00000000ef780000,0x00000000ef780000,0x00000000efa00000)
 ParOldGen       total 39424K, used 7499K [0x00000000c2400000, 0x00000000c4a80000, 0x00000000eb700000)
  object space 39424K, 19% used [0x00000000c2400000,0x00000000c2b52e60,0x00000000c4a80000)
 Metaspace       used 20415K, capacity 21026K, committed 21296K, reserved 1069056K
  class space    used 2162K, capacity 2428K, committed 2432K, reserved 1048576K
}
Event: 4,645 GC heap before
{Heap before GC invocations=5 (full 1):
 PSYoungGen      total 34304K, used 31744K [0x00000000eb700000, 0x00000000efa00000, 0x0000000100000000)
  eden space 31744K, 100% used [0x00000000eb700000,0x00000000ed600000,0x00000000ed600000)
  from space 2560K, 0% used [0x00000000ed600000,0x00000000ed600000,0x00000000ed880000)
  to   space 2560K, 0% used [0x00000000ef780000,0x00000000ef780000,0x00000000efa00000)
 ParOldGen       total 39424K, used 7499K [0x00000000c2400000, 0x00000000c4a80000, 0x00000000eb700000)
  object space 39424K, 19% used [0x00000000c2400000,0x00000000c2b52e60,0x00000000c4a80000)
 Metaspace       used 23685K, capacity 24266K, committed 24576K, reserved 1071104K
  class space    used 2514K, capacity 2782K, committed 2816K, reserved 1048576K
Event: 4,670 GC heap after
Heap after GC invocations=5 (full 1):
 PSYoungGen      total 47616K, used 2542K [0x00000000eb700000, 0x00000000efa00000, 0x0000000100000000)
  eden space 45056K, 0% used [0x00000000eb700000,0x00000000eb700000,0x00000000ee300000)
  from space 2560K, 99% used [0x00000000ef780000,0x00000000ef9fbae0,0x00000000efa00000)
  to   space 2560K, 0% used [0x00000000ef500000,0x00000000ef500000,0x00000000ef780000)
 ParOldGen       total 39424K, used 8052K [0x00000000c2400000, 0x00000000c4a80000, 0x00000000eb700000)
  object space 39424K, 20% used [0x00000000c2400000,0x00000000c2bdd118,0x00000000c4a80000)
 Metaspace       used 23685K, capacity 24266K, committed 24576K, reserved 1071104K
  class space    used 2514K, capacity 2782K, committed 2816K, reserved 1048576K
}
Event: 14,273 GC heap before
{Heap before GC invocations=6 (full 1):
 PSYoungGen      total 47616K, used 47598K [0x00000000eb700000, 0x00000000efa00000, 0x0000000100000000)
  eden space 45056K, 100% used [0x00000000eb700000,0x00000000ee300000,0x00000000ee300000)
  from space 2560K, 99% used [0x00000000ef780000,0x00000000ef9fbae0,0x00000000efa00000)
  to   space 2560K, 0% used [0x00000000ef500000,0x00000000ef500000,0x00000000ef780000)
 ParOldGen       total 39424K, used 8052K [0x00000000c2400000, 0x00000000c4a80000, 0x00000000eb700000)
  object space 39424K, 20% used [0x00000000c2400000,0x00000000c2bdd118,0x00000000c4a80000)
 Metaspace       used 26947K, capacity 27602K, committed 27904K, reserved 1073152K
  class space    used 2913K, capacity 3216K, committed 3328K, reserved 1048576K
Event: 14,307 GC heap after
Heap after GC invocations=6 (full 1):
 PSYoungGen      total 64000K, used 2535K [0x00000000eb700000, 0x00000000f0300000, 0x0000000100000000)
  eden space 61440K, 0% used [0x00000000eb700000,0x00000000eb700000,0x00000000ef300000)
  from space 2560K, 99% used [0x00000000ef500000,0x00000000ef779e58,0x00000000ef780000)
  to   space 8192K, 0% used [0x00000000efb00000,0x00000000efb00000,0x00000000f0300000)
 ParOldGen       total 39424K, used 10795K [0x00000000c2400000, 0x00000000c4a80000, 0x00000000eb700000)
  object space 39424K, 27% used [0x00000000c2400000,0x00000000c2e8aeb8,0x00000000c4a80000)
 Metaspace       used 26947K, capacity 27602K, committed 27904K, reserved 1073152K
  class space    used 2913K, capacity 3216K, committed 3328K, reserved 1048576K
}

