# JRE version: Java(TM) SE Runtime Environment (8.0_144-b01) (build 1.8.0_144-b01)
# Java VM: Java HotSpot(TM) 64-Bit Server VM (25.144-b01 mixed mode linux-amd64 compressed oops)
Heap:
 PSYoungGen      total 61440K, used 10187K [0x00000000eb700000, 0x00000000f0080000, 0x0000000100000000)
  eden space 54784K, 11% used [0x00000000eb700000,0x00000000ebd30de0,0x00000000eec80000)
  from space 6656K, 57% used [0x00000000eec80000,0x00000000ef041e68,0x00000000ef300000)
  to   space 6656K, 0% used [0x00000000efa00000,0x00000000efa00000,0x00000000f0080000)
 ParOldGen       total 36352K, used 8098K [0x00000000c2400000, 0x00000000c4780000, 0x00000000eb700000)
  object space 36352K, 22% used [0x00000000c2400000,0x00000000c2be8830,0x00000000c4780000)
 Metaspace       used 26955K, capacity 27582K, committed 27776K, reserved 1073152K
  class space    used 2912K, capacity 3186K, committed 3200K, reserved 1048576K
GC Heap History (10 events):
Event: 4,416 GC heap before
{Heap before GC invocations=6 (full 1):
 PSYoungGen      total 34304K, used 31714K [0x00000000eb700000, 0x00000000edb00000, 0x0000000100000000)
  eden space 31744K, 99% used [0x00000000eb700000,0x00000000ed5f8ad0,0x00000000ed600000)
  from space 2560K, 0% used [0x00000000ed880000,0x00000000ed880000,0x00000000edb00000)
  to   space 2560K, 0% used [0x00000000ed600000,0x00000000ed600000,0x00000000ed880000)
 ParOldGen       total 36352K, used 7476K [0x00000000c2400000, 0x00000000c4780000, 0x00000000eb700000)
  object space 36352K, 20% used [0x00000000c2400000,0x00000000c2b4d288,0x00000000c4780000)
 Metaspace       used 23715K, capacity 24294K, committed 24576K, reserved 1071104K
  class space    used 2548K, capacity 2814K, committed 2816K, reserved 1048576K
Event: 4,424 GC heap after
Heap after GC invocations=6 (full 1):
 PSYoungGen      total 34304K, used 2533K [0x00000000eb700000, 0x00000000ef100000, 0x0000000100000000)
  eden space 31744K, 0% used [0x00000000eb700000,0x00000000eb700000,0x00000000ed600000)
  from space 2560K, 98% used [0x00000000ed600000,0x00000000ed879550,0x00000000ed880000)
  to   space 7168K, 0% used [0x00000000eea00000,0x00000000eea00000,0x00000000ef100000)
 ParOldGen       total 36352K, used 8090K [0x00000000c2400000, 0x00000000c4780000, 0x00000000eb700000)
  object space 36352K, 22% used [0x00000000c2400000,0x00000000c2be6830,0x00000000c4780000)
 Metaspace       used 23715K, capacity 24294K, committed 24576K, reserved 1071104K
  class space    used 2548K, capacity 2814K, committed 2816K, reserved 1048576K
}
Event: 8,829 GC heap before
{Heap before GC invocations=7 (full 1):
 PSYoungGen      total 34304K, used 34277K [0x00000000eb700000, 0x00000000ef100000, 0x0000000100000000)
  eden space 31744K, 100% used [0x00000000eb700000,0x00000000ed600000,0x00000000ed600000)
  from space 2560K, 98% used [0x00000000ed600000,0x00000000ed879550,0x00000000ed880000)
  to   space 7168K, 0% used [0x00000000eea00000,0x00000000eea00000,0x00000000ef100000)
 ParOldGen       total 36352K, used 8090K [0x00000000c2400000, 0x00000000c4780000, 0x00000000eb700000)
  object space 36352K, 22% used [0x00000000c2400000,0x00000000c2be6830,0x00000000c4780000)
 Metaspace       used 26676K, capacity 27372K, committed 27520K, reserved 1073152K
  class space    used 2907K, capacity 3183K, committed 3200K, reserved 1048576K
Event: 8,850 GC heap after
Heap after GC invocations=7 (full 1):
 PSYoungGen      total 49152K, used 5232K [0x00000000eb700000, 0x00000000eef80000, 0x0000000100000000)
  eden space 43520K, 0% used [0x00000000eb700000,0x00000000eb700000,0x00000000ee180000)
  from space 5632K, 92% used [0x00000000eea00000,0x00000000eef1c0a0,0x00000000eef80000)
  to   space 7168K, 0% used [0x00000000ee180000,0x00000000ee180000,0x00000000ee880000)
 ParOldGen       total 36352K, used 8090K [0x00000000c2400000, 0x00000000c4780000, 0x00000000eb700000)
  object space 36352K, 22% used [0x00000000c2400000,0x00000000c2be6830,0x00000000c4780000)
 Metaspace       used 26676K, capacity 27372K, committed 27520K, reserved 1073152K
  class space    used 2907K, capacity 3183K, committed 3200K, reserved 1048576K
}
Event: 22,827 GC heap before
{Heap before GC invocations=8 (full 1):
 PSYoungGen      total 49152K, used 48752K [0x00000000eb700000, 0x00000000eef80000, 0x0000000100000000)
  eden space 43520K, 100% used [0x00000000eb700000,0x00000000ee180000,0x00000000ee180000)
  from space 5632K, 92% used [0x00000000eea00000,0x00000000eef1c0a0,0x00000000eef80000)
  to   space 7168K, 0% used [0x00000000ee180000,0x00000000ee180000,0x00000000ee880000)
 ParOldGen       total 36352K, used 8090K [0x00000000c2400000, 0x00000000c4780000, 0x00000000eb700000)
  object space 36352K, 22% used [0x00000000c2400000,0x00000000c2be6830,0x00000000c4780000)
 Metaspace       used 26907K, capacity 27564K, committed 27776K, reserved 1073152K
  class space    used 2908K, capacity 3183K, committed 3200K, reserved 1048576K
Event: 22,839 GC heap after
Heap after GC invocations=8 (full 1):
 PSYoungGen      total 50688K, used 3824K [0x00000000eb700000, 0x00000000efc80000, 0x0000000100000000)
  eden space 43520K, 0% used [0x00000000eb700000,0x00000000eb700000,0x00000000ee180000)
  from space 7168K, 53% used [0x00000000ee180000,0x00000000ee53c010,0x00000000ee880000)
  to   space 7168K, 0% used [0x00000000ef580000,0x00000000ef580000,0x00000000efc80000)
 ParOldGen       total 36352K, used 8098K [0x00000000c2400000, 0x00000000c4780000, 0x00000000eb700000)
  object space 36352K, 22% used [0x00000000c2400000,0x00000000c2be8830,0x00000000c4780000)
 Metaspace       used 26907K, capacity 27564K, committed 27776K, reserved 1073152K
  class space    used 2908K, capacity 3183K, committed 3200K, reserved 1048576K
}
Event: 37,281 GC heap before
{Heap before GC invocations=9 (full 1):
 PSYoungGen      total 50688K, used 47344K [0x00000000eb700000, 0x00000000efc80000, 0x0000000100000000)
  eden space 43520K, 100% used [0x00000000eb700000,0x00000000ee180000,0x00000000ee180000)
  from space 7168K, 53% used [0x00000000ee180000,0x00000000ee53c010,0x00000000ee880000)
  to   space 7168K, 0% used [0x00000000ef580000,0x00000000ef580000,0x00000000efc80000)
 ParOldGen       total 36352K, used 8098K [0x00000000c2400000, 0x00000000c4780000, 0x00000000eb700000)
  object space 36352K, 22% used [0x00000000c2400000,0x00000000c2be8830,0x00000000c4780000)
 Metaspace       used 26923K, capacity 27564K, committed 27776K, reserved 1073152K
  class space    used 2908K, capacity 3183K, committed 3200K, reserved 1048576K
Event: 37,299 GC heap after
Heap after GC invocations=9 (full 1):
 PSYoungGen      total 58880K, used 3819K [0x00000000eb700000, 0x00000000ef980000, 0x0000000100000000)
  eden space 54784K, 0% used [0x00000000eb700000,0x00000000eb700000,0x00000000eec80000)
  from space 4096K, 93% used [0x00000000ef580000,0x00000000ef93aea0,0x00000000ef980000)
  to   space 6656K, 0% used [0x00000000eec80000,0x00000000eec80000,0x00000000ef300000)
 ParOldGen       total 36352K, used 8098K [0x00000000c2400000, 0x00000000c4780000, 0x00000000eb700000)
  object space 36352K, 22% used [0x00000000c2400000,0x00000000c2be8830,0x00000000c4780000)
 Metaspace       used 26923K, capacity 27564K, committed 27776K, reserved 1073152K
  class space    used 2908K, capacity 3183K, committed 3200K, reserved 1048576K
}
Event: 56,590 GC heap before
{Heap before GC invocations=10 (full 1):
 PSYoungGen      total 58880K, used 58603K [0x00000000eb700000, 0x00000000ef980000, 0x0000000100000000)
  eden space 54784K, 100% used [0x00000000eb700000,0x00000000eec80000,0x00000000eec80000)
  from space 4096K, 93% used [0x00000000ef580000,0x00000000ef93aea0,0x00000000ef980000)
  to   space 6656K, 0% used [0x00000000eec80000,0x00000000eec80000,0x00000000ef300000)
 ParOldGen       total 36352K, used 8098K [0x00000000c2400000, 0x00000000c4780000, 0x00000000eb700000)
  object space 36352K, 22% used [0x00000000c2400000,0x00000000c2be8830,0x00000000c4780000)
 Metaspace       used 26943K, capacity 27570K, committed 27776K, reserved 1073152K
  class space    used 2910K, capacity 3184K, committed 3200K, reserved 1048576K
Event: 56,601 GC heap after
Heap after GC invocations=10 (full 1):
 PSYoungGen      total 61440K, used 3847K [0x00000000eb700000, 0x00000000f0080000, 0x0000000100000000)
  eden space 54784K, 0% used [0x00000000eb700000,0x00000000eb700000,0x00000000eec80000)
  from space 6656K, 57% used [0x00000000eec80000,0x00000000ef041e68,0x00000000ef300000)
  to   space 6656K, 0% used [0x00000000efa00000,0x00000000efa00000,0x00000000f0080000)
 ParOldGen       total 36352K, used 8098K [0x00000000c2400000, 0x00000000c4780000, 0x00000000eb700000)
  object space 36352K, 22% used [0x00000000c2400000,0x00000000c2be8830,0x00000000c4780000)
 Metaspace       used 26943K, capacity 27570K, committed 27776K, reserved 1073152K
  class space    used 2910K, capacity 3184K, committed 3200K, reserved 1048576K
}

