# JRE version: Java(TM) SE Runtime Environment (8.0_144-b01) (build 1.8.0_144-b01)
# Java VM: Java HotSpot(TM) 64-Bit Server VM (25.144-b01 mixed mode linux-amd64 compressed oops)
Heap:
 PSYoungGen      total 34304K, used 9325K [0x00000000eb700000, 0x00000000ef180000, 0x0000000100000000)
  eden space 31744K, 21% used [0x00000000eb700000,0x00000000ebda0990,0x00000000ed600000)
  from space 2560K, 99% used [0x00000000ed600000,0x00000000ed87ab60,0x00000000ed880000)
  to   space 8192K, 0% used [0x00000000ee980000,0x00000000ee980000,0x00000000ef180000)
 ParOldGen       total 38912K, used 10818K [0x00000000c2400000, 0x00000000c4a00000, 0x00000000eb700000)
  object space 38912K, 27% used [0x00000000c2400000,0x00000000c2e90a58,0x00000000c4a00000)
 Metaspace       used 26921K, capacity 27582K, committed 27776K, reserved 1073152K
  class space    used 2912K, capacity 3186K, committed 3200K, reserved 1048576K
GC Heap History (10 events):
Event: 2,756 GC heap before
{Heap before GC invocations=2 (full 0):
 PSYoungGen      total 18432K, used 18430K [0x00000000eb700000, 0x00000000edb00000, 0x0000000100000000)
  eden space 15872K, 100% used [0x00000000eb700000,0x00000000ec680000,0x00000000ec680000)
  from space 2560K, 99% used [0x00000000ec680000,0x00000000ec8ff8b8,0x00000000ec900000)
  to   space 2560K, 0% used [0x00000000ed880000,0x00000000ed880000,0x00000000edb00000)
 ParOldGen       total 42496K, used 1183K [0x00000000c2400000, 0x00000000c4d80000, 0x00000000eb700000)
  object space 42496K, 2% used [0x00000000c2400000,0x00000000c2527ce8,0x00000000c4d80000)
 Metaspace       used 13136K, capacity 13688K, committed 13824K, reserved 1060864K
  class space    used 1495K, capacity 1757K, committed 1792K, reserved 1048576K
Event: 2,776 GC heap after
Heap after GC invocations=2 (full 0):
 PSYoungGen      total 34304K, used 2544K [0x00000000eb700000, 0x00000000edb00000, 0x0000000100000000)
  eden space 31744K, 0% used [0x00000000eb700000,0x00000000eb700000,0x00000000ed600000)
  from space 2560K, 99% used [0x00000000ed880000,0x00000000edafc010,0x00000000edb00000)
  to   space 2560K, 0% used [0x00000000ed600000,0x00000000ed600000,0x00000000ed880000)
 ParOldGen       total 42496K, used 3621K [0x00000000c2400000, 0x00000000c4d80000, 0x00000000eb700000)
  object space 42496K, 8% used [0x00000000c2400000,0x00000000c27895c0,0x00000000c4d80000)
 Metaspace       used 13136K, capacity 13688K, committed 13824K, reserved 1060864K
  class space    used 1495K, capacity 1757K, committed 1792K, reserved 1048576K
}
Event: 14,697 GC heap before
{Heap before GC invocations=3 (full 0):
 PSYoungGen      total 34304K, used 27377K [0x00000000eb700000, 0x00000000edb00000, 0x0000000100000000)
  eden space 31744K, 78% used [0x00000000eb700000,0x00000000ecf40648,0x00000000ed600000)
  from space 2560K, 99% used [0x00000000ed880000,0x00000000edafc010,0x00000000edb00000)
  to   space 2560K, 0% used [0x00000000ed600000,0x00000000ed600000,0x00000000ed880000)
 ParOldGen       total 42496K, used 3621K [0x00000000c2400000, 0x00000000c4d80000, 0x00000000eb700000)
  object space 42496K, 8% used [0x00000000c2400000,0x00000000c27895c0,0x00000000c4d80000)
 Metaspace       used 20402K, capacity 21004K, committed 21248K, reserved 1069056K
  class space    used 2161K, capacity 2462K, committed 2560K, reserved 1048576K
Event: 14,736 GC heap after
Heap after GC invocations=3 (full 0):
 PSYoungGen      total 34304K, used 2544K [0x00000000eb700000, 0x00000000edb00000, 0x0000000100000000)
  eden space 31744K, 0% used [0x00000000eb700000,0x00000000eb700000,0x00000000ed600000)
  from space 2560K, 99% used [0x00000000ed600000,0x00000000ed87c030,0x00000000ed880000)
  to   space 2560K, 0% used [0x00000000ed880000,0x00000000ed880000,0x00000000edb00000)
 ParOldGen       total 42496K, used 8799K [0x00000000c2400000, 0x00000000c4d80000, 0x00000000eb700000)
  object space 42496K, 20% used [0x00000000c2400000,0x00000000c2c97e58,0x00000000c4d80000)
 Metaspace       used 20402K, capacity 21004K, committed 21248K, reserved 1069056K
  class space    used 2161K, capacity 2462K, committed 2560K, reserved 1048576K
}
Event: 14,736 GC heap before
{Heap before GC invocations=4 (full 1):
 PSYoungGen      total 34304K, used 2544K [0x00000000eb700000, 0x00000000edb00000, 0x0000000100000000)
  eden space 31744K, 0% used [0x00000000eb700000,0x00000000eb700000,0x00000000ed600000)
  from space 2560K, 99% used [0x00000000ed600000,0x00000000ed87c030,0x00000000ed880000)
  to   space 2560K, 0% used [0x00000000ed880000,0x00000000ed880000,0x00000000edb00000)
 ParOldGen       total 42496K, used 8799K [0x00000000c2400000, 0x00000000c4d80000, 0x00000000eb700000)
  object space 42496K, 20% used [0x00000000c2400000,0x00000000c2c97e58,0x00000000c4d80000)
 Metaspace       used 20402K, capacity 21004K, committed 21248K, reserved 1069056K
  class space    used 2161K, capacity 2462K, committed 2560K, reserved 1048576K
Event: 14,959 GC heap after
Heap after GC invocations=4 (full 1):
 PSYoungGen      total 34304K, used 0K [0x00000000eb700000, 0x00000000edb00000, 0x0000000100000000)
  eden space 31744K, 0% used [0x00000000eb700000,0x00000000eb700000,0x00000000ed600000)
  from space 2560K, 0% used [0x00000000ed600000,0x00000000ed600000,0x00000000ed880000)
  to   space 2560K, 0% used [0x00000000ed880000,0x00000000ed880000,0x00000000edb00000)
 ParOldGen       total 38912K, used 7485K [0x00000000c2400000, 0x00000000c4a00000, 0x00000000eb700000)
  object space 38912K, 19% used [0x00000000c2400000,0x00000000c2b4f648,0x00000000c4a00000)
 Metaspace       used 20393K, capacity 20994K, committed 21248K, reserved 1069056K
  class space    used 2160K, capacity 2460K, committed 2560K, reserved 1048576K
}
Event: 17,280 GC heap before
{Heap before GC invocations=5 (full 1):
 PSYoungGen      total 34304K, used 31744K [0x00000000eb700000, 0x00000000edb00000, 0x0000000100000000)
  eden space 31744K, 100% used [0x00000000eb700000,0x00000000ed600000,0x00000000ed600000)
  from space 2560K, 0% used [0x00000000ed600000,0x00000000ed600000,0x00000000ed880000)
  to   space 2560K, 0% used [0x00000000ed880000,0x00000000ed880000,0x00000000edb00000)
 ParOldGen       total 38912K, used 7485K [0x00000000c2400000, 0x00000000c4a00000, 0x00000000eb700000)
  object space 38912K, 19% used [0x00000000c2400000,0x00000000c2b4f648,0x00000000c4a00000)
 Metaspace       used 23987K, capacity 24586K, committed 24960K, reserved 1071104K
  class space    used 2547K, capacity 2846K, committed 2944K, reserved 1048576K
Event: 17,292 GC heap after
Heap after GC invocations=5 (full 1):
 PSYoungGen      total 34304K, used 2541K [0x00000000eb700000, 0x00000000ee680000, 0x0000000100000000)
  eden space 31744K, 0% used [0x00000000eb700000,0x00000000eb700000,0x00000000ed600000)
  from space 2560K, 99% used [0x00000000ed880000,0x00000000edafb688,0x00000000edb00000)
  to   space 2560K, 0% used [0x00000000ed600000,0x00000000ed600000,0x00000000ed880000)
 ParOldGen       total 38912K, used 8135K [0x00000000c2400000, 0x00000000c4a00000, 0x00000000eb700000)
  object space 38912K, 20% used [0x00000000c2400000,0x00000000c2bf1ce8,0x00000000c4a00000)
 Metaspace       used 23987K, capacity 24586K, committed 24960K, reserved 1071104K
  class space    used 2547K, capacity 2846K, committed 2944K, reserved 1048576K
}
Event: 22,561 GC heap before
{Heap before GC invocations=6 (full 1):
 PSYoungGen      total 34304K, used 34285K [0x00000000eb700000, 0x00000000ee680000, 0x0000000100000000)
  eden space 31744K, 100% used [0x00000000eb700000,0x00000000ed600000,0x00000000ed600000)
  from space 2560K, 99% used [0x00000000ed880000,0x00000000edafb688,0x00000000edb00000)
  to   space 2560K, 0% used [0x00000000ed600000,0x00000000ed600000,0x00000000ed880000)
 ParOldGen       total 38912K, used 8135K [0x00000000c2400000, 0x00000000c4a00000, 0x00000000eb700000)
  object space 38912K, 20% used [0x00000000c2400000,0x00000000c2bf1ce8,0x00000000c4a00000)
 Metaspace       used 26751K, capacity 27372K, committed 27520K, reserved 1073152K
  class space    used 2908K, capacity 3183K, committed 3200K, reserved 1048576K
Event: 22,606 GC heap after
Heap after GC invocations=6 (full 1):
 PSYoungGen      total 34304K, used 2538K [0x00000000eb700000, 0x00000000ef180000, 0x0000000100000000)
  eden space 31744K, 0% used [0x00000000eb700000,0x00000000eb700000,0x00000000ed600000)
  from space 2560K, 99% used [0x00000000ed600000,0x00000000ed87ab60,0x00000000ed880000)
  to   space 8192K, 0% used [0x00000000ee980000,0x00000000ee980000,0x00000000ef180000)
 ParOldGen       total 38912K, used 10818K [0x00000000c2400000, 0x00000000c4a00000, 0x00000000eb700000)
  object space 38912K, 27% used [0x00000000c2400000,0x00000000c2e90a58,0x00000000c4a00000)
 Metaspace       used 26751K, capacity 27372K, committed 27520K, reserved 1073152K
  class space    used 2908K, capacity 3183K, committed 3200K, reserved 1048576K
}

